  [1m[35m (2.7ms)[0m  [1m[35mCREATE TABLE "schema_migrations" ("version" varchar NOT NULL PRIMARY KEY)[0m
  [1m[35m (1.0ms)[0m  [1m[35mCREATE TABLE "ar_internal_metadata" ("key" varchar NOT NULL PRIMARY KEY, "value" varchar, "created_at" datetime NOT NULL, "updated_at" datetime NOT NULL)[0m
  [1m[36mActiveRecord::SchemaMigration Load (0.1ms)[0m  [1m[34mSELECT "schema_migrations".* FROM "schema_migrations"[0m
Migrating to CreateUsers (20180118054336)
  [1m[35m (0.0ms)[0m  [1m[36mbegin transaction[0m
  [1m[35m (0.3ms)[0m  [1m[35mCREATE TABLE "users" ("id" INTEGER PRIMARY KEY AUTOINCREMENT NOT NULL, "name" varchar, "emal" varchar, "created_at" datetime NOT NULL, "updated_at" datetime NOT NULL)[0m
  [1m[35mSQL (0.2ms)[0m  [1m[32mINSERT INTO "schema_migrations" ("version") VALUES (?)[0m  [["version", "20180118054336"]]
  [1m[35m (0.8ms)[0m  [1m[36mcommit transaction[0m
  [1m[36mActiveRecord::InternalMetadata Load (0.1ms)[0m  [1m[34mSELECT  "ar_internal_metadata".* FROM "ar_internal_metadata" WHERE "ar_internal_metadata"."key" = ? LIMIT ?[0m  [["key", "environment"], ["LIMIT", 1]]
  [1m[35m (0.0ms)[0m  [1m[36mbegin transaction[0m
  [1m[35mSQL (0.3ms)[0m  [1m[32mINSERT INTO "ar_internal_metadata" ("key", "value", "created_at", "updated_at") VALUES (?, ?, ?, ?)[0m  [["key", "environment"], ["value", "development"], ["created_at", "2018-01-18 05:43:54.143429"], ["updated_at", "2018-01-18 05:43:54.143429"]]
  [1m[35m (1.2ms)[0m  [1m[36mcommit transaction[0m
  [1m[36mActiveRecord::SchemaMigration Load (0.1ms)[0m  [1m[34mSELECT "schema_migrations".* FROM "schema_migrations"[0m
Started GET "/users" for 127.0.0.1 at 2018-01-18 14:44:20 +0900
  [1m[36mActiveRecord::SchemaMigration Load (0.2ms)[0m  [1m[34mSELECT "schema_migrations".* FROM "schema_migrations"[0m
Processing by UsersController#index as HTML
  Rendering users/index.html.erb within layouts/application
  [1m[36mUser Load (0.2ms)[0m  [1m[34mSELECT "users".* FROM "users"[0m
  Rendered users/index.html.erb within layouts/application (8.5ms)
Completed 200 OK in 818ms (Views: 804.7ms | ActiveRecord: 0.5ms)


Started GET "/users/new" for 127.0.0.1 at 2018-01-18 14:44:24 +0900
Processing by UsersController#new as HTML
  Rendering users/new.html.erb within layouts/application
  Rendered users/_form.html.erb (26.1ms)
  Rendered users/new.html.erb within layouts/application (45.8ms)
Completed 200 OK in 106ms (Views: 88.0ms | ActiveRecord: 1.0ms)


Started POST "/users" for 127.0.0.1 at 2018-01-18 14:44:38 +0900
Processing by UsersController#create as HTML
  Parameters: {"utf8"=>"âœ“", "authenticity_token"=>"4Gm6a2ws33NoFPOSVOHryTzKNXzzsCuuU6eHCtDh/ZCoBG9RCF1VwbkwERcyAGgAKA9YdFdJI9Rcl/Yydli14g==", "user"=>{"name"=>"test", "emal"=>"test@gmail.com"}, "commit"=>"Create User"}
  [1m[35m (0.1ms)[0m  [1m[36mbegin transaction[0m
  [1m[35mSQL (0.5ms)[0m  [1m[32mINSERT INTO "users" ("name", "emal", "created_at", "updated_at") VALUES (?, ?, ?, ?)[0m  [["name", "test"], ["emal", "test@gmail.com"], ["created_at", "2018-01-18 05:44:38.954821"], ["updated_at", "2018-01-18 05:44:38.954821"]]
  [1m[35m (1.3ms)[0m  [1m[36mcommit transaction[0m
Redirected to http://localhost:3000/users/1
Completed 302 Found in 7ms (ActiveRecord: 1.9ms)


Started GET "/users/1" for 127.0.0.1 at 2018-01-18 14:44:38 +0900
Processing by UsersController#show as HTML
  Parameters: {"id"=>"1"}
  [1m[36mUser Load (0.9ms)[0m  [1m[34mSELECT  "users".* FROM "users" WHERE "users"."id" = ? LIMIT ?[0m  [["id", 1], ["LIMIT", 1]]
  Rendering users/show.html.erb within layouts/application
  Rendered users/show.html.erb within layouts/application (0.8ms)
Completed 200 OK in 44ms (Views: 35.6ms | ActiveRecord: 0.9ms)


Started GET "/users" for 127.0.0.1 at 2018-01-18 14:44:42 +0900
Processing by UsersController#index as HTML
  Rendering users/index.html.erb within layouts/application
  [1m[36mUser Load (0.3ms)[0m  [1m[34mSELECT "users".* FROM "users"[0m
  Rendered users/index.html.erb within layouts/application (3.3ms)
Completed 200 OK in 62ms (Views: 56.8ms | ActiveRecord: 0.3ms)


Started GET "/users/1/edit" for 127.0.0.1 at 2018-01-18 14:44:45 +0900
Processing by UsersController#edit as HTML
  Parameters: {"id"=>"1"}
  [1m[36mUser Load (0.3ms)[0m  [1m[34mSELECT  "users".* FROM "users" WHERE "users"."id" = ? LIMIT ?[0m  [["id", 1], ["LIMIT", 1]]
  Rendering users/edit.html.erb within layouts/application
  Rendered users/_form.html.erb (4.1ms)
  Rendered users/edit.html.erb within layouts/application (8.0ms)
Completed 200 OK in 61ms (Views: 56.8ms | ActiveRecord: 0.3ms)


Started GET "/users" for 127.0.0.1 at 2018-01-18 14:44:47 +0900
Processing by UsersController#index as HTML
  Rendering users/index.html.erb within layouts/application
  [1m[36mUser Load (0.2ms)[0m  [1m[34mSELECT "users".* FROM "users"[0m
  Rendered users/index.html.erb within layouts/application (2.7ms)
Completed 200 OK in 61ms (Views: 57.3ms | ActiveRecord: 0.2ms)


Started GET "/users/1" for 127.0.0.1 at 2018-01-18 14:46:54 +0900
Processing by UsersController#show as HTML
  Parameters: {"id"=>"1"}
  [1m[36mUser Load (0.2ms)[0m  [1m[34mSELECT  "users".* FROM "users" WHERE "users"."id" = ? LIMIT ?[0m  [["id", 1], ["LIMIT", 1]]
  Rendering users/show.html.erb within layouts/application
  Rendered users/show.html.erb within layouts/application (1.1ms)
Completed 200 OK in 30ms (Views: 26.0ms | ActiveRecord: 0.2ms)


Started GET "/users" for 127.0.0.1 at 2018-01-18 14:46:56 +0900
Processing by UsersController#index as HTML
  Rendering users/index.html.erb within layouts/application
  [1m[36mUser Load (0.2ms)[0m  [1m[34mSELECT "users".* FROM "users"[0m
  Rendered users/index.html.erb within layouts/application (2.6ms)
Completed 200 OK in 55ms (Views: 51.3ms | ActiveRecord: 0.2ms)


Started GET "/users/new" for 127.0.0.1 at 2018-01-18 14:46:58 +0900
Processing by UsersController#new as HTML
  Rendering users/new.html.erb within layouts/application
  Rendered users/_form.html.erb (3.5ms)
  Rendered users/new.html.erb within layouts/application (6.3ms)
Completed 200 OK in 52ms (Views: 47.6ms | ActiveRecord: 0.0ms)


Started POST "/users" for 127.0.0.1 at 2018-01-18 14:47:27 +0900
Processing by UsersController#create as HTML
  Parameters: {"utf8"=>"âœ“", "authenticity_token"=>"xqNvAZ+M7TG2V7eIl7PEiRStKC0gFgUuNJQQiXE3zNWOzro7+/1ng2dzVQ3xUkdAAGhFJYTvDVQ7pGGx146Epw==", "user"=>{"name"=>"ç‰‡å±± æ˜“ç¥¥", "emal"=>"yasucom@gamil.com"}, "commit"=>"Create User"}
  [1m[35m (0.1ms)[0m  [1m[36mbegin transaction[0m
  [1m[35mSQL (0.4ms)[0m  [1m[32mINSERT INTO "users" ("name", "emal", "created_at", "updated_at") VALUES (?, ?, ?, ?)[0m  [["name", "ç‰‡å±± æ˜“ç¥¥"], ["emal", "yasucom@gamil.com"], ["created_at", "2018-01-18 05:47:27.466858"], ["updated_at", "2018-01-18 05:47:27.466858"]]
  [1m[35m (2.8ms)[0m  [1m[36mcommit transaction[0m
Redirected to http://localhost:3000/users/2
Completed 302 Found in 7ms (ActiveRecord: 3.3ms)


Started GET "/users/2" for 127.0.0.1 at 2018-01-18 14:47:27 +0900
Processing by UsersController#show as HTML
  Parameters: {"id"=>"2"}
  [1m[36mUser Load (0.1ms)[0m  [1m[34mSELECT  "users".* FROM "users" WHERE "users"."id" = ? LIMIT ?[0m  [["id", 2], ["LIMIT", 1]]
  Rendering users/show.html.erb within layouts/application
  Rendered users/show.html.erb within layouts/application (0.6ms)
Completed 200 OK in 17ms (Views: 15.1ms | ActiveRecord: 0.1ms)


Started GET "/users" for 127.0.0.1 at 2018-01-18 14:47:30 +0900
Processing by UsersController#index as HTML
  Rendering users/index.html.erb within layouts/application
  [1m[36mUser Load (0.3ms)[0m  [1m[34mSELECT "users".* FROM "users"[0m
  Rendered users/index.html.erb within layouts/application (3.2ms)
Completed 200 OK in 52ms (Views: 48.7ms | ActiveRecord: 0.3ms)


Started GET "/users" for 127.0.0.1 at 2018-01-18 14:48:40 +0900
Processing by UsersController#index as HTML
  Rendering users/index.html.erb within layouts/application
  [1m[36mUser Load (0.2ms)[0m  [1m[34mSELECT "users".* FROM "users"[0m
  Rendered users/index.html.erb within layouts/application (2.0ms)
Completed 200 OK in 24ms (Views: 19.2ms | ActiveRecord: 0.2ms)


Started GET "/users" for 127.0.0.1 at 2018-01-18 14:49:34 +0900
  [1m[36mActiveRecord::SchemaMigration Load (0.2ms)[0m  [1m[34mSELECT "schema_migrations".* FROM "schema_migrations"[0m
Processing by UsersController#index as HTML
  Rendering users/index.html.erb within layouts/application
  [1m[36mUser Load (0.2ms)[0m  [1m[34mSELECT "users".* FROM "users"[0m
  Rendered users/index.html.erb within layouts/application (15.7ms)
Completed 200 OK in 302ms (Views: 284.3ms | ActiveRecord: 0.8ms)


Started GET "/users" for 127.0.0.1 at 2018-01-18 15:21:46 +0900
  [1m[36mActiveRecord::SchemaMigration Load (0.2ms)[0m  [1m[34mSELECT "schema_migrations".* FROM "schema_migrations"[0m
Processing by UsersController#index as HTML
  Rendering users/index.html.erb within layouts/application
  [1m[36mUser Load (1.0ms)[0m  [1m[34mSELECT "users".* FROM "users"[0m
  Rendered users/index.html.erb within layouts/application (20.5ms)
Completed 200 OK in 271ms (Views: 258.2ms | ActiveRecord: 1.6ms)


Started GET "/users/new" for 127.0.0.1 at 2018-01-18 15:21:54 +0900
Processing by UsersController#new as HTML
  Rendering users/new.html.erb within layouts/application
  Rendered users/_form.html.erb (26.0ms)
  Rendered users/new.html.erb within layouts/application (31.1ms)
Completed 200 OK in 69ms (Views: 65.0ms | ActiveRecord: 0.0ms)


Started GET "/users" for 127.0.0.1 at 2018-01-18 15:32:06 +0900
  [1m[36mActiveRecord::SchemaMigration Load (0.4ms)[0m  [1m[34mSELECT "schema_migrations".* FROM "schema_migrations"[0m
Processing by UsersController#index as HTML
  Rendering users/index.html.erb within layouts/application
  [1m[36mUser Load (0.3ms)[0m  [1m[34mSELECT "users".* FROM "users"[0m
  Rendered users/index.html.erb within layouts/application (12.3ms)
Completed 200 OK in 239ms (Views: 227.7ms | ActiveRecord: 0.7ms)


Started GET "/users" for 127.0.0.1 at 2018-01-18 15:33:38 +0900
Processing by UsersController#index as HTML
  Rendering users/index.html.erb within layouts/application
  [1m[36mUser Load (0.3ms)[0m  [1m[34mSELECT "users".* FROM "users"[0m
  Rendered users/index.html.erb within layouts/application (2.3ms)
Completed 200 OK in 25ms (Views: 20.9ms | ActiveRecord: 0.3ms)


Started GET "/users" for 127.0.0.1 at 2018-01-18 15:35:29 +0900
Processing by UsersController#index as HTML
  Rendering users/index.html.erb within layouts/application
  [1m[36mUser Load (0.1ms)[0m  [1m[34mSELECT "users".* FROM "users"[0m
  Rendered users/index.html.erb within layouts/application (1.8ms)
Completed 200 OK in 25ms (Views: 21.6ms | ActiveRecord: 0.1ms)


Started GET "/users" for 127.0.0.1 at 2018-01-18 15:35:44 +0900
Processing by UsersController#index as HTML
  Rendering users/index.html.erb within layouts/application
  [1m[36mUser Load (0.2ms)[0m  [1m[34mSELECT "users".* FROM "users"[0m
  Rendered users/index.html.erb within layouts/application (3.6ms)
Completed 200 OK in 26ms (Views: 23.4ms | ActiveRecord: 0.2ms)


Started GET "/users" for 127.0.0.1 at 2018-01-18 15:35:55 +0900
Processing by UsersController#index as HTML
  Rendering users/index.html.erb within layouts/application
  [1m[36mUser Load (0.1ms)[0m  [1m[34mSELECT "users".* FROM "users"[0m
  Rendered users/index.html.erb within layouts/application (1.5ms)
Completed 200 OK in 18ms (Views: 16.8ms | ActiveRecord: 0.1ms)


Started GET "/users" for 127.0.0.1 at 2018-01-18 15:36:04 +0900
Processing by UsersController#index as HTML
  Rendering users/index.html.erb within layouts/application
  [1m[36mUser Load (0.1ms)[0m  [1m[34mSELECT "users".* FROM "users"[0m
  Rendered users/index.html.erb within layouts/application (1.3ms)
Completed 200 OK in 20ms (Views: 15.8ms | ActiveRecord: 0.1ms)


Started GET "/users" for 127.0.0.1 at 2018-01-18 15:36:05 +0900
Processing by UsersController#index as HTML
  Rendering users/index.html.erb within layouts/application
  [1m[36mUser Load (0.1ms)[0m  [1m[34mSELECT "users".* FROM "users"[0m
  Rendered users/index.html.erb within layouts/application (1.3ms)
Completed 200 OK in 16ms (Views: 14.3ms | ActiveRecord: 0.1ms)


Started GET "/users" for 127.0.0.1 at 2018-01-18 15:36:08 +0900
Processing by UsersController#index as HTML
  Rendering users/index.html.erb within layouts/application
  [1m[36mUser Load (0.2ms)[0m  [1m[34mSELECT "users".* FROM "users"[0m
  Rendered users/index.html.erb within layouts/application (2.3ms)
Completed 200 OK in 33ms (Views: 30.2ms | ActiveRecord: 0.2ms)


Started GET "/users" for 127.0.0.1 at 2018-01-18 15:36:23 +0900
Processing by UsersController#index as HTML
  Rendering users/index.html.erb within layouts/application
  [1m[36mUser Load (0.2ms)[0m  [1m[34mSELECT "users".* FROM "users"[0m
  Rendered users/index.html.erb within layouts/application (21.5ms)
Completed 200 OK in 49ms (Views: 46.9ms | ActiveRecord: 0.2ms)


Started GET "/users/1" for 127.0.0.1 at 2018-01-18 15:36:52 +0900
Processing by UsersController#show as HTML
  Parameters: {"id"=>"1"}
  [1m[36mUser Load (0.4ms)[0m  [1m[34mSELECT  "users".* FROM "users" WHERE "users"."id" = ? LIMIT ?[0m  [["id", 1], ["LIMIT", 1]]
  Rendering users/show.html.erb within layouts/application
  Rendered users/show.html.erb within layouts/application (1.8ms)
Completed 200 OK in 48ms (Views: 33.0ms | ActiveRecord: 0.4ms)


Started GET "/users" for 127.0.0.1 at 2018-01-18 15:37:30 +0900
Processing by UsersController#index as HTML
  Rendering users/index.html.erb within layouts/application
  [1m[36mUser Load (0.3ms)[0m  [1m[34mSELECT "users".* FROM "users"[0m
  Rendered users/index.html.erb within layouts/application (3.1ms)
Completed 200 OK in 38ms (Views: 31.9ms | ActiveRecord: 0.3ms)


Started GET "/users" for 127.0.0.1 at 2018-01-18 15:37:43 +0900
Processing by UsersController#index as HTML
  Rendering users/index.html.erb within layouts/application
  [1m[36mUser Load (0.2ms)[0m  [1m[34mSELECT "users".* FROM "users"[0m
  Rendered users/index.html.erb within layouts/application (3.0ms)
Completed 200 OK in 29ms (Views: 26.8ms | ActiveRecord: 0.2ms)


Started GET "/users/1" for 127.0.0.1 at 2018-01-18 15:37:48 +0900
Processing by UsersController#show as HTML
  Parameters: {"id"=>"1"}
  [1m[36mUser Load (0.2ms)[0m  [1m[34mSELECT  "users".* FROM "users" WHERE "users"."id" = ? LIMIT ?[0m  [["id", 1], ["LIMIT", 1]]
  Rendering users/show.html.erb within layouts/application
  Rendered users/show.html.erb within layouts/application (1.3ms)
Completed 200 OK in 55ms (Views: 51.2ms | ActiveRecord: 0.2ms)


Started GET "/users" for 127.0.0.1 at 2018-01-18 15:37:51 +0900
Processing by UsersController#index as HTML
  Rendering users/index.html.erb within layouts/application
  [1m[36mUser Load (0.2ms)[0m  [1m[34mSELECT "users".* FROM "users"[0m
  Rendered users/index.html.erb within layouts/application (3.5ms)
Completed 200 OK in 63ms (Views: 59.6ms | ActiveRecord: 0.2ms)


Started GET "/users/1" for 127.0.0.1 at 2018-01-18 15:38:36 +0900
Processing by UsersController#show as HTML
  Parameters: {"id"=>"1"}
  [1m[36mUser Load (0.2ms)[0m  [1m[34mSELECT  "users".* FROM "users" WHERE "users"."id" = ? LIMIT ?[0m  [["id", 1], ["LIMIT", 1]]
  Rendering users/show.html.erb within layouts/application
  Rendered users/show.html.erb within layouts/application (1.2ms)
Completed 200 OK in 43ms (Views: 37.9ms | ActiveRecord: 0.2ms)


Started GET "/users/1" for 127.0.0.1 at 2018-01-18 15:38:39 +0900
Processing by UsersController#show as HTML
  Parameters: {"id"=>"1"}
  [1m[36mUser Load (0.1ms)[0m  [1m[34mSELECT  "users".* FROM "users" WHERE "users"."id" = ? LIMIT ?[0m  [["id", 1], ["LIMIT", 1]]
  Rendering users/show.html.erb within layouts/application
  Rendered users/show.html.erb within layouts/application (2.1ms)
Completed 200 OK in 29ms (Views: 26.7ms | ActiveRecord: 0.1ms)


Started GET "/users/1" for 127.0.0.1 at 2018-01-18 15:38:40 +0900
Processing by UsersController#show as HTML
  Parameters: {"id"=>"1"}
  [1m[36mUser Load (0.1ms)[0m  [1m[34mSELECT  "users".* FROM "users" WHERE "users"."id" = ? LIMIT ?[0m  [["id", 1], ["LIMIT", 1]]
  Rendering users/show.html.erb within layouts/application
  Rendered users/show.html.erb within layouts/application (2.1ms)
Completed 200 OK in 33ms (Views: 30.0ms | ActiveRecord: 0.1ms)


Started GET "/users" for 127.0.0.1 at 2018-01-18 15:38:41 +0900
Processing by UsersController#index as HTML
  Rendering users/index.html.erb within layouts/application
  [1m[36mUser Load (0.2ms)[0m  [1m[34mSELECT "users".* FROM "users"[0m
  Rendered users/index.html.erb within layouts/application (3.5ms)
Completed 200 OK in 47ms (Views: 42.6ms | ActiveRecord: 0.2ms)


Started GET "/users/1/edit" for 127.0.0.1 at 2018-01-18 15:38:43 +0900
Processing by UsersController#edit as HTML
  Parameters: {"id"=>"1"}
  [1m[36mUser Load (0.2ms)[0m  [1m[34mSELECT  "users".* FROM "users" WHERE "users"."id" = ? LIMIT ?[0m  [["id", 1], ["LIMIT", 1]]
  Rendering users/edit.html.erb within layouts/application
  Rendered users/_form.html.erb (35.1ms)
  Rendered users/edit.html.erb within layouts/application (39.5ms)
Completed 200 OK in 69ms (Views: 65.1ms | ActiveRecord: 0.2ms)


Started GET "/users" for 127.0.0.1 at 2018-01-18 15:38:45 +0900
Processing by UsersController#index as HTML
  Rendering users/index.html.erb within layouts/application
  [1m[36mUser Load (0.2ms)[0m  [1m[34mSELECT "users".* FROM "users"[0m
  Rendered users/index.html.erb within layouts/application (2.4ms)
Completed 200 OK in 56ms (Views: 51.6ms | ActiveRecord: 0.2ms)


Started GET "/users" for 127.0.0.1 at 2018-01-18 15:39:09 +0900
Processing by UsersController#index as HTML
  Rendering users/index.html.erb within layouts/application
  [1m[36mUser Load (0.2ms)[0m  [1m[34mSELECT "users".* FROM "users"[0m
  Rendered users/index.html.erb within layouts/application (1.9ms)
Completed 200 OK in 29ms (Views: 23.9ms | ActiveRecord: 0.2ms)


Started GET "/users/1/edit" for 127.0.0.1 at 2018-01-18 15:39:10 +0900
Processing by UsersController#edit as HTML
  Parameters: {"id"=>"1"}
  [1m[36mUser Load (0.2ms)[0m  [1m[34mSELECT  "users".* FROM "users" WHERE "users"."id" = ? LIMIT ?[0m  [["id", 1], ["LIMIT", 1]]
  Rendering users/edit.html.erb within layouts/application
  Rendered users/_form.html.erb (2.9ms)
  Rendered users/edit.html.erb within layouts/application (7.6ms)
Completed 200 OK in 46ms (Views: 41.9ms | ActiveRecord: 0.2ms)


Started GET "/users/1/edit" for 127.0.0.1 at 2018-01-18 15:39:12 +0900
Processing by UsersController#edit as HTML
  Parameters: {"id"=>"1"}
  [1m[36mUser Load (0.1ms)[0m  [1m[34mSELECT  "users".* FROM "users" WHERE "users"."id" = ? LIMIT ?[0m  [["id", 1], ["LIMIT", 1]]
  Rendering users/edit.html.erb within layouts/application
  Rendered users/_form.html.erb (2.3ms)
  Rendered users/edit.html.erb within layouts/application (5.1ms)
Completed 200 OK in 28ms (Views: 25.3ms | ActiveRecord: 0.1ms)


Started GET "/users" for 127.0.0.1 at 2018-01-18 15:39:13 +0900
Processing by UsersController#index as HTML
  Rendering users/index.html.erb within layouts/application
  [1m[36mUser Load (0.2ms)[0m  [1m[34mSELECT "users".* FROM "users"[0m
  Rendered users/index.html.erb within layouts/application (4.5ms)
Completed 200 OK in 48ms (Views: 43.0ms | ActiveRecord: 0.2ms)


Started GET "/users/1" for 127.0.0.1 at 2018-01-18 15:39:14 +0900
Processing by UsersController#show as HTML
  Parameters: {"id"=>"1"}
  [1m[36mUser Load (0.3ms)[0m  [1m[34mSELECT  "users".* FROM "users" WHERE "users"."id" = ? LIMIT ?[0m  [["id", 1], ["LIMIT", 1]]
  Rendering users/show.html.erb within layouts/application
  Rendered users/show.html.erb within layouts/application (1.1ms)
Completed 200 OK in 42ms (Views: 38.1ms | ActiveRecord: 0.3ms)


Started GET "/users/1/edit" for 127.0.0.1 at 2018-01-18 15:39:16 +0900
Processing by UsersController#edit as HTML
  Parameters: {"id"=>"1"}
  [1m[36mUser Load (0.7ms)[0m  [1m[34mSELECT  "users".* FROM "users" WHERE "users"."id" = ? LIMIT ?[0m  [["id", 1], ["LIMIT", 1]]
  Rendering users/edit.html.erb within layouts/application
  Rendered users/_form.html.erb (3.9ms)
  Rendered users/edit.html.erb within layouts/application (10.0ms)
Completed 200 OK in 55ms (Views: 47.9ms | ActiveRecord: 0.7ms)


Started GET "/users/1/edit" for 127.0.0.1 at 2018-01-18 15:39:48 +0900
Processing by UsersController#edit as HTML
  Parameters: {"id"=>"1"}
  [1m[36mUser Load (0.2ms)[0m  [1m[34mSELECT  "users".* FROM "users" WHERE "users"."id" = ? LIMIT ?[0m  [["id", 1], ["LIMIT", 1]]
  Rendering users/edit.html.erb within layouts/application
  Rendered users/_form.html.erb (2.2ms)
  Rendered users/edit.html.erb within layouts/application (5.1ms)
Completed 200 OK in 31ms (Views: 26.3ms | ActiveRecord: 0.2ms)


Started GET "/users/1" for 127.0.0.1 at 2018-01-18 15:39:51 +0900
Processing by UsersController#show as HTML
  Parameters: {"id"=>"1"}
  [1m[36mUser Load (0.2ms)[0m  [1m[34mSELECT  "users".* FROM "users" WHERE "users"."id" = ? LIMIT ?[0m  [["id", 1], ["LIMIT", 1]]
  Rendering users/show.html.erb within layouts/application
  Rendered users/show.html.erb within layouts/application (1.0ms)
Completed 200 OK in 46ms (Views: 42.1ms | ActiveRecord: 0.2ms)


Started GET "/users/1" for 127.0.0.1 at 2018-01-18 15:40:09 +0900
Processing by UsersController#show as HTML
  Parameters: {"id"=>"1"}
  [1m[36mUser Load (0.1ms)[0m  [1m[34mSELECT  "users".* FROM "users" WHERE "users"."id" = ? LIMIT ?[0m  [["id", 1], ["LIMIT", 1]]
  Rendering users/show.html.erb within layouts/application
  Rendered users/show.html.erb within layouts/application (0.7ms)
Completed 200 OK in 31ms (Views: 28.3ms | ActiveRecord: 0.1ms)


Started GET "/users/1/edit" for 127.0.0.1 at 2018-01-18 15:40:11 +0900
Processing by UsersController#edit as HTML
  Parameters: {"id"=>"1"}
  [1m[36mUser Load (0.1ms)[0m  [1m[34mSELECT  "users".* FROM "users" WHERE "users"."id" = ? LIMIT ?[0m  [["id", 1], ["LIMIT", 1]]
  Rendering users/edit.html.erb within layouts/application
  Rendered users/_form.html.erb (4.4ms)
  Rendered users/edit.html.erb within layouts/application (8.1ms)
Completed 200 OK in 43ms (Views: 38.4ms | ActiveRecord: 0.1ms)


Started GET "/users/1/edit" for 127.0.0.1 at 2018-01-18 15:40:36 +0900
Processing by UsersController#edit as HTML
  Parameters: {"id"=>"1"}
  [1m[36mUser Load (0.2ms)[0m  [1m[34mSELECT  "users".* FROM "users" WHERE "users"."id" = ? LIMIT ?[0m  [["id", 1], ["LIMIT", 1]]
  Rendering users/edit.html.erb within layouts/application
  Rendered users/_form.html.erb (2.5ms)
  Rendered users/edit.html.erb within layouts/application (5.1ms)
Completed 200 OK in 38ms (Views: 30.9ms | ActiveRecord: 0.2ms)


Started GET "/users/1/edit" for 127.0.0.1 at 2018-01-18 15:41:09 +0900
Processing by UsersController#edit as HTML
  Parameters: {"id"=>"1"}
  [1m[36mUser Load (0.3ms)[0m  [1m[34mSELECT  "users".* FROM "users" WHERE "users"."id" = ? LIMIT ?[0m  [["id", 1], ["LIMIT", 1]]
  Rendering users/edit.html.erb within layouts/application
  Rendered users/_form.html.erb (3.7ms)
  Rendered users/edit.html.erb within layouts/application (9.2ms)
Completed 200 OK in 44ms (Views: 37.5ms | ActiveRecord: 0.3ms)


Started GET "/users" for 127.0.0.1 at 2018-01-18 15:41:10 +0900
Processing by UsersController#index as HTML
  Rendering users/index.html.erb within layouts/application
  [1m[36mUser Load (0.2ms)[0m  [1m[34mSELECT "users".* FROM "users"[0m
  Rendered users/index.html.erb within layouts/application (2.9ms)
Completed 200 OK in 39ms (Views: 36.2ms | ActiveRecord: 0.2ms)


Started GET "/users/new" for 127.0.0.1 at 2018-01-18 15:41:11 +0900
Processing by UsersController#new as HTML
  Rendering users/new.html.erb within layouts/application
  Rendered users/_form.html.erb (3.1ms)
  Rendered users/new.html.erb within layouts/application (7.6ms)
Completed 200 OK in 43ms (Views: 39.7ms | ActiveRecord: 0.0ms)


Started GET "/users" for 127.0.0.1 at 2018-01-18 15:42:47 +0900
Processing by UsersController#index as HTML
  Rendering users/index.html.erb within layouts/application
  [1m[36mUser Load (0.4ms)[0m  [1m[34mSELECT "users".* FROM "users"[0m
  Rendered users/index.html.erb within layouts/application (4.1ms)
Completed 200 OK in 47ms (Views: 42.6ms | ActiveRecord: 0.4ms)


Started GET "/users/1" for 127.0.0.1 at 2018-01-18 15:43:29 +0900
Processing by UsersController#show as HTML
  Parameters: {"id"=>"1"}
  [1m[36mUser Load (0.2ms)[0m  [1m[34mSELECT  "users".* FROM "users" WHERE "users"."id" = ? LIMIT ?[0m  [["id", 1], ["LIMIT", 1]]
  Rendering users/show.html.erb within layouts/application
  Rendered users/show.html.erb within layouts/application (1.4ms)
Completed 200 OK in 28ms (Views: 24.6ms | ActiveRecord: 0.2ms)


Started GET "/users/1/edit" for 127.0.0.1 at 2018-01-18 15:43:31 +0900
Processing by UsersController#edit as HTML
  Parameters: {"id"=>"1"}
  [1m[36mUser Load (0.6ms)[0m  [1m[34mSELECT  "users".* FROM "users" WHERE "users"."id" = ? LIMIT ?[0m  [["id", 1], ["LIMIT", 1]]
  Rendering users/edit.html.erb within layouts/application
  Rendered users/_form.html.erb (3.6ms)
  Rendered users/edit.html.erb within layouts/application (6.7ms)
Completed 200 OK in 56ms (Views: 49.2ms | ActiveRecord: 0.6ms)


Started PATCH "/users/1" for 127.0.0.1 at 2018-01-18 15:44:31 +0900
Processing by UsersController#update as HTML
  Parameters: {"utf8"=>"âœ“", "authenticity_token"=>"SsnWp06W2lk48fg9n+iaHtvqdOrpibp/+psCuAWeoPeuu5MQmQ3TI1mqRq4QEE7rgeqYyKrTK911ORIpnEeKIQ==", "user"=>{"name"=>"test", "emal"=>"test@gmail.com"}, "commit"=>"Update User", "id"=>"1"}
  [1m[36mUser Load (0.1ms)[0m  [1m[34mSELECT  "users".* FROM "users" WHERE "users"."id" = ? LIMIT ?[0m  [["id", 1], ["LIMIT", 1]]
  [1m[35m (0.1ms)[0m  [1m[36mbegin transaction[0m
  [1m[35m (0.1ms)[0m  [1m[36mcommit transaction[0m
Redirected to http://localhost:3000/users/1
Completed 302 Found in 4ms (ActiveRecord: 0.3ms)


Started GET "/users/1" for 127.0.0.1 at 2018-01-18 15:44:31 +0900
Processing by UsersController#show as HTML
  Parameters: {"id"=>"1"}
  [1m[36mUser Load (0.1ms)[0m  [1m[34mSELECT  "users".* FROM "users" WHERE "users"."id" = ? LIMIT ?[0m  [["id", 1], ["LIMIT", 1]]
  Rendering users/show.html.erb within layouts/application
  Rendered users/show.html.erb within layouts/application (0.8ms)
Completed 200 OK in 24ms (Views: 21.8ms | ActiveRecord: 0.1ms)


Started GET "/users/1/edit" for 127.0.0.1 at 2018-01-18 15:46:10 +0900
Processing by UsersController#edit as HTML
  Parameters: {"id"=>"1"}
  [1m[36mUser Load (0.1ms)[0m  [1m[34mSELECT  "users".* FROM "users" WHERE "users"."id" = ? LIMIT ?[0m  [["id", 1], ["LIMIT", 1]]
  Rendering users/edit.html.erb within layouts/application
  Rendered users/_form.html.erb (4.3ms)
  Rendered users/edit.html.erb within layouts/application (7.4ms)
Completed 200 OK in 42ms (Views: 29.2ms | ActiveRecord: 0.7ms)


Started PATCH "/users/1" for 127.0.0.1 at 2018-01-18 15:46:11 +0900
Processing by UsersController#update as HTML
  Parameters: {"utf8"=>"âœ“", "authenticity_token"=>"1yaBSADOZV9KLDTNgg2HYbfSV9+MVtbxUC3/leGnZH0zVMT/11VsJSt3il4N9VOU7dK7/c8MR1Pfj+8EeH5Oqw==", "user"=>{"name"=>"test", "emal"=>"test@gmail.com"}, "commit"=>"Update User", "id"=>"1"}
  [1m[36mUser Load (0.1ms)[0m  [1m[34mSELECT  "users".* FROM "users" WHERE "users"."id" = ? LIMIT ?[0m  [["id", 1], ["LIMIT", 1]]
  [1m[35m (0.1ms)[0m  [1m[36mbegin transaction[0m
  [1m[35m (0.1ms)[0m  [1m[36mcommit transaction[0m
Redirected to http://localhost:3000/users/1
Completed 302 Found in 5ms (ActiveRecord: 0.3ms)


Started GET "/users/1" for 127.0.0.1 at 2018-01-18 15:46:12 +0900
Processing by UsersController#show as HTML
  Parameters: {"id"=>"1"}
  [1m[36mUser Load (0.1ms)[0m  [1m[34mSELECT  "users".* FROM "users" WHERE "users"."id" = ? LIMIT ?[0m  [["id", 1], ["LIMIT", 1]]
  Rendering users/show.html.erb within layouts/application
  Rendered users/show.html.erb within layouts/application (1.3ms)
Completed 200 OK in 26ms (Views: 22.5ms | ActiveRecord: 0.1ms)


Started GET "/users/1/edit" for 127.0.0.1 at 2018-01-18 15:46:54 +0900
Processing by UsersController#edit as HTML
  Parameters: {"id"=>"1"}
  [1m[36mUser Load (0.1ms)[0m  [1m[34mSELECT  "users".* FROM "users" WHERE "users"."id" = ? LIMIT ?[0m  [["id", 1], ["LIMIT", 1]]
  Rendering users/edit.html.erb within layouts/application
  Rendered users/_form.html.erb (2.9ms)
  Rendered users/edit.html.erb within layouts/application (10.0ms)
Completed 200 OK in 37ms (Views: 34.2ms | ActiveRecord: 0.1ms)


Started GET "/users/1/edit" for 127.0.0.1 at 2018-01-18 15:49:18 +0900
Processing by UsersController#edit as HTML
  Parameters: {"id"=>"1"}
  [1m[36mUser Load (0.2ms)[0m  [1m[34mSELECT  "users".* FROM "users" WHERE "users"."id" = ? LIMIT ?[0m  [["id", 1], ["LIMIT", 1]]
  Rendering users/edit.html.erb within layouts/application
  Rendered users/_form.html.erb (2.4ms)
  Rendered users/edit.html.erb within layouts/application (4.9ms)
Completed 200 OK in 34ms (Views: 27.6ms | ActiveRecord: 0.2ms)


Started GET "/users/1/edit" for 127.0.0.1 at 2018-01-18 15:49:53 +0900
Processing by UsersController#edit as HTML
  Parameters: {"id"=>"1"}
  [1m[36mUser Load (0.2ms)[0m  [1m[34mSELECT  "users".* FROM "users" WHERE "users"."id" = ? LIMIT ?[0m  [["id", 1], ["LIMIT", 1]]
  Rendering users/edit.html.erb within layouts/application
  Rendered users/_form.html.erb (3.4ms)
  Rendered users/edit.html.erb within layouts/application (6.5ms)
Completed 200 OK in 31ms (Views: 26.7ms | ActiveRecord: 0.2ms)


Started GET "/users/1/edit" for 127.0.0.1 at 2018-01-18 15:49:53 +0900
Processing by UsersController#edit as HTML
  Parameters: {"id"=>"1"}
  [1m[36mUser Load (0.2ms)[0m  [1m[34mSELECT  "users".* FROM "users" WHERE "users"."id" = ? LIMIT ?[0m  [["id", 1], ["LIMIT", 1]]
  Rendering users/edit.html.erb within layouts/application
  Rendered users/_form.html.erb (2.7ms)
  Rendered users/edit.html.erb within layouts/application (6.0ms)
Completed 200 OK in 37ms (Views: 32.9ms | ActiveRecord: 0.2ms)


Started PATCH "/users/1" for 127.0.0.1 at 2018-01-18 15:49:58 +0900
Processing by UsersController#update as HTML
  Parameters: {"utf8"=>"âœ“", "authenticity_token"=>"tb4gHI2YZUFvYBICXwl0/0L9HA4Jbepo//6ml354iXDbHJnofu2hwPuqjG0W4eT2Xaogfl/Fhr2enjcmGkT04A==", "user"=>{"name"=>"test", "emal"=>"test@gmail.com"}, "commit"=>"Update User", "id"=>"1"}
  [1m[36mUser Load (0.1ms)[0m  [1m[34mSELECT  "users".* FROM "users" WHERE "users"."id" = ? LIMIT ?[0m  [["id", 1], ["LIMIT", 1]]
  [1m[35m (0.1ms)[0m  [1m[36mbegin transaction[0m
  [1m[35m (0.1ms)[0m  [1m[36mcommit transaction[0m
Redirected to http://localhost:3000/users/1
Completed 302 Found in 3ms (ActiveRecord: 0.3ms)


Started GET "/users/1" for 127.0.0.1 at 2018-01-18 15:49:58 +0900
Processing by UsersController#show as HTML
  Parameters: {"id"=>"1"}
  [1m[36mUser Load (0.1ms)[0m  [1m[34mSELECT  "users".* FROM "users" WHERE "users"."id" = ? LIMIT ?[0m  [["id", 1], ["LIMIT", 1]]
  Rendering users/show.html.erb within layouts/application
  Rendered users/show.html.erb within layouts/application (1.2ms)
Completed 200 OK in 27ms (Views: 24.3ms | ActiveRecord: 0.1ms)


Started GET "/users" for 127.0.0.1 at 2018-01-18 15:50:00 +0900
Processing by UsersController#index as HTML
  Rendering users/index.html.erb within layouts/application
  [1m[36mUser Load (0.3ms)[0m  [1m[34mSELECT "users".* FROM "users"[0m
  Rendered users/index.html.erb within layouts/application (3.1ms)
Completed 200 OK in 45ms (Views: 41.8ms | ActiveRecord: 0.3ms)


Started GET "/users/new" for 127.0.0.1 at 2018-01-18 15:50:02 +0900
Processing by UsersController#new as HTML
  Rendering users/new.html.erb within layouts/application
  Rendered users/_form.html.erb (4.3ms)
  Rendered users/new.html.erb within layouts/application (10.3ms)
Completed 200 OK in 47ms (Views: 41.3ms | ActiveRecord: 0.0ms)


Started GET "/users/new" for 127.0.0.1 at 2018-01-18 15:50:27 +0900
Processing by UsersController#new as HTML
  Rendering users/new.html.erb within layouts/application
  Rendered users/_form.html.erb (1.3ms)
  Rendered users/new.html.erb within layouts/application (3.6ms)
Completed 500 Internal Server Error in 14ms (ActiveRecord: 0.0ms)


  
SyntaxError (/Users/katayama/rubyProject/test/foo/app/views/users/_form.html.erb:25: syntax error, unexpected ':'
...tput_buffer.append=( f.submit : é€ä¿¡ );@output_buffer.safe...
...                               ^):
  
app/views/users/_form.html.erb:25: syntax error, unexpected ':'
app/views/users/new.html.erb:3:in `_app_views_users_new_html_erb___3629861059407482123_70100650717240'
  Rendering /Users/katayama/.rbenv/versions/2.2.3/lib/ruby/gems/2.2.0/gems/actionpack-5.0.6/lib/action_dispatch/middleware/templates/rescues/diagnostics.html.erb within rescues/layout
  Rendering /Users/katayama/.rbenv/versions/2.2.3/lib/ruby/gems/2.2.0/gems/actionpack-5.0.6/lib/action_dispatch/middleware/templates/rescues/_source.html.erb
  Rendered /Users/katayama/.rbenv/versions/2.2.3/lib/ruby/gems/2.2.0/gems/actionpack-5.0.6/lib/action_dispatch/middleware/templates/rescues/_source.html.erb (9.5ms)
  Rendering /Users/katayama/.rbenv/versions/2.2.3/lib/ruby/gems/2.2.0/gems/actionpack-5.0.6/lib/action_dispatch/middleware/templates/rescues/_trace.html.erb
  Rendered /Users/katayama/.rbenv/versions/2.2.3/lib/ruby/gems/2.2.0/gems/actionpack-5.0.6/lib/action_dispatch/middleware/templates/rescues/_trace.html.erb (6.1ms)
  Rendering /Users/katayama/.rbenv/versions/2.2.3/lib/ruby/gems/2.2.0/gems/actionpack-5.0.6/lib/action_dispatch/middleware/templates/rescues/_request_and_response.html.erb
  Rendered /Users/katayama/.rbenv/versions/2.2.3/lib/ruby/gems/2.2.0/gems/actionpack-5.0.6/lib/action_dispatch/middleware/templates/rescues/_request_and_response.html.erb (1.0ms)
  Rendered /Users/katayama/.rbenv/versions/2.2.3/lib/ruby/gems/2.2.0/gems/actionpack-5.0.6/lib/action_dispatch/middleware/templates/rescues/diagnostics.html.erb within rescues/layout (145.9ms)
Started GET "/users/new" for 127.0.0.1 at 2018-01-18 15:50:37 +0900
Processing by UsersController#new as HTML
  Rendering users/new.html.erb within layouts/application
  Rendered users/_form.html.erb (2.3ms)
  Rendered users/new.html.erb within layouts/application (4.5ms)
Completed 200 OK in 37ms (Views: 30.3ms | ActiveRecord: 0.0ms)


Started GET "/users/new" for 127.0.0.1 at 2018-01-18 15:54:54 +0900
Processing by UsersController#new as HTML
  Rendering users/new.html.erb within layouts/application
  Rendered users/_form.html.erb (1.4ms)
  Rendered users/new.html.erb within layouts/application (3.7ms)
Completed 500 Internal Server Error in 13ms (ActiveRecord: 0.0ms)


  
SyntaxError (/Users/katayama/rubyProject/test/foo/app/views/users/_form.html.erb:25: syntax error, unexpected ':'
...tput_buffer.append=( f.submit : test );@output_buffer.safe_a...
...                               ^):
  
app/views/users/_form.html.erb:25: syntax error, unexpected ':'
app/views/users/new.html.erb:3:in `_app_views_users_new_html_erb___3629861059407482123_70100653868220'
  Rendering /Users/katayama/.rbenv/versions/2.2.3/lib/ruby/gems/2.2.0/gems/actionpack-5.0.6/lib/action_dispatch/middleware/templates/rescues/diagnostics.html.erb within rescues/layout
  Rendering /Users/katayama/.rbenv/versions/2.2.3/lib/ruby/gems/2.2.0/gems/actionpack-5.0.6/lib/action_dispatch/middleware/templates/rescues/_source.html.erb
  Rendered /Users/katayama/.rbenv/versions/2.2.3/lib/ruby/gems/2.2.0/gems/actionpack-5.0.6/lib/action_dispatch/middleware/templates/rescues/_source.html.erb (6.0ms)
  Rendering /Users/katayama/.rbenv/versions/2.2.3/lib/ruby/gems/2.2.0/gems/actionpack-5.0.6/lib/action_dispatch/middleware/templates/rescues/_trace.html.erb
  Rendered /Users/katayama/.rbenv/versions/2.2.3/lib/ruby/gems/2.2.0/gems/actionpack-5.0.6/lib/action_dispatch/middleware/templates/rescues/_trace.html.erb (2.6ms)
  Rendering /Users/katayama/.rbenv/versions/2.2.3/lib/ruby/gems/2.2.0/gems/actionpack-5.0.6/lib/action_dispatch/middleware/templates/rescues/_request_and_response.html.erb
  Rendered /Users/katayama/.rbenv/versions/2.2.3/lib/ruby/gems/2.2.0/gems/actionpack-5.0.6/lib/action_dispatch/middleware/templates/rescues/_request_and_response.html.erb (0.8ms)
  Rendered /Users/katayama/.rbenv/versions/2.2.3/lib/ruby/gems/2.2.0/gems/actionpack-5.0.6/lib/action_dispatch/middleware/templates/rescues/diagnostics.html.erb within rescues/layout (95.4ms)
Started GET "/users/new" for 127.0.0.1 at 2018-01-18 15:55:20 +0900
Processing by UsersController#new as HTML
  Rendering users/new.html.erb within layouts/application
  Rendered users/_form.html.erb (0.8ms)
  Rendered users/new.html.erb within layouts/application (3.4ms)
Completed 500 Internal Server Error in 9ms (ActiveRecord: 0.0ms)


  
SyntaxError (/Users/katayama/rubyProject/test/foo/app/views/users/_form.html.erb:25: syntax error, unexpected ':'
...utput_buffer.append=( f.label : test );@output_buffer.safe_a...
...                               ^):
  
app/views/users/_form.html.erb:25: syntax error, unexpected ':'
app/views/users/new.html.erb:3:in `_app_views_users_new_html_erb___3629861059407482123_70100678862740'
  Rendering /Users/katayama/.rbenv/versions/2.2.3/lib/ruby/gems/2.2.0/gems/actionpack-5.0.6/lib/action_dispatch/middleware/templates/rescues/diagnostics.html.erb within rescues/layout
  Rendering /Users/katayama/.rbenv/versions/2.2.3/lib/ruby/gems/2.2.0/gems/actionpack-5.0.6/lib/action_dispatch/middleware/templates/rescues/_source.html.erb
  Rendered /Users/katayama/.rbenv/versions/2.2.3/lib/ruby/gems/2.2.0/gems/actionpack-5.0.6/lib/action_dispatch/middleware/templates/rescues/_source.html.erb (5.4ms)
  Rendering /Users/katayama/.rbenv/versions/2.2.3/lib/ruby/gems/2.2.0/gems/actionpack-5.0.6/lib/action_dispatch/middleware/templates/rescues/_trace.html.erb
  Rendered /Users/katayama/.rbenv/versions/2.2.3/lib/ruby/gems/2.2.0/gems/actionpack-5.0.6/lib/action_dispatch/middleware/templates/rescues/_trace.html.erb (2.3ms)
  Rendering /Users/katayama/.rbenv/versions/2.2.3/lib/ruby/gems/2.2.0/gems/actionpack-5.0.6/lib/action_dispatch/middleware/templates/rescues/_request_and_response.html.erb
  Rendered /Users/katayama/.rbenv/versions/2.2.3/lib/ruby/gems/2.2.0/gems/actionpack-5.0.6/lib/action_dispatch/middleware/templates/rescues/_request_and_response.html.erb (1.1ms)
  Rendered /Users/katayama/.rbenv/versions/2.2.3/lib/ruby/gems/2.2.0/gems/actionpack-5.0.6/lib/action_dispatch/middleware/templates/rescues/diagnostics.html.erb within rescues/layout (90.9ms)
Started GET "/users/new" for 127.0.0.1 at 2018-01-18 15:55:22 +0900
Processing by UsersController#new as HTML
  Rendering users/new.html.erb within layouts/application
  Rendered users/_form.html.erb (0.7ms)
  Rendered users/new.html.erb within layouts/application (2.4ms)
Completed 500 Internal Server Error in 13ms (ActiveRecord: 0.0ms)


  
SyntaxError (/Users/katayama/rubyProject/test/foo/app/views/users/_form.html.erb:25: syntax error, unexpected ':'
...utput_buffer.append=( f.label : test );@output_buffer.safe_a...
...                               ^):
  
app/views/users/_form.html.erb:25: syntax error, unexpected ':'
app/views/users/new.html.erb:3:in `_app_views_users_new_html_erb___3629861059407482123_70100651855620'
  Rendering /Users/katayama/.rbenv/versions/2.2.3/lib/ruby/gems/2.2.0/gems/actionpack-5.0.6/lib/action_dispatch/middleware/templates/rescues/diagnostics.html.erb within rescues/layout
  Rendering /Users/katayama/.rbenv/versions/2.2.3/lib/ruby/gems/2.2.0/gems/actionpack-5.0.6/lib/action_dispatch/middleware/templates/rescues/_source.html.erb
  Rendered /Users/katayama/.rbenv/versions/2.2.3/lib/ruby/gems/2.2.0/gems/actionpack-5.0.6/lib/action_dispatch/middleware/templates/rescues/_source.html.erb (4.9ms)
  Rendering /Users/katayama/.rbenv/versions/2.2.3/lib/ruby/gems/2.2.0/gems/actionpack-5.0.6/lib/action_dispatch/middleware/templates/rescues/_trace.html.erb
  Rendered /Users/katayama/.rbenv/versions/2.2.3/lib/ruby/gems/2.2.0/gems/actionpack-5.0.6/lib/action_dispatch/middleware/templates/rescues/_trace.html.erb (6.9ms)
  Rendering /Users/katayama/.rbenv/versions/2.2.3/lib/ruby/gems/2.2.0/gems/actionpack-5.0.6/lib/action_dispatch/middleware/templates/rescues/_request_and_response.html.erb
  Rendered /Users/katayama/.rbenv/versions/2.2.3/lib/ruby/gems/2.2.0/gems/actionpack-5.0.6/lib/action_dispatch/middleware/templates/rescues/_request_and_response.html.erb (0.9ms)
  Rendered /Users/katayama/.rbenv/versions/2.2.3/lib/ruby/gems/2.2.0/gems/actionpack-5.0.6/lib/action_dispatch/middleware/templates/rescues/diagnostics.html.erb within rescues/layout (87.1ms)
Started GET "/users/new" for 127.0.0.1 at 2018-01-18 15:56:50 +0900
Processing by UsersController#new as HTML
  Rendering users/new.html.erb within layouts/application
  Rendered users/_form.html.erb (2.5ms)
  Rendered users/new.html.erb within layouts/application (4.7ms)
Completed 200 OK in 31ms (Views: 27.0ms | ActiveRecord: 0.0ms)


Started GET "/users" for 127.0.0.1 at 2018-01-18 16:04:28 +0900
Processing by UsersController#index as HTML
  Rendering users/index.html.erb within layouts/application
  [1m[36mUser Load (0.2ms)[0m  [1m[34mSELECT "users".* FROM "users"[0m
  Rendered users/index.html.erb within layouts/application (2.1ms)
Completed 200 OK in 28ms (Views: 23.4ms | ActiveRecord: 0.2ms)


Started GET "/users/1/edit" for 127.0.0.1 at 2018-01-18 16:04:30 +0900
Processing by UsersController#edit as HTML
  Parameters: {"id"=>"1"}
  [1m[36mUser Load (0.1ms)[0m  [1m[34mSELECT  "users".* FROM "users" WHERE "users"."id" = ? LIMIT ?[0m  [["id", 1], ["LIMIT", 1]]
  Rendering users/edit.html.erb within layouts/application
  Rendered users/_form.html.erb (9.4ms)
  Rendered users/edit.html.erb within layouts/application (15.6ms)
Completed 200 OK in 67ms (Views: 63.4ms | ActiveRecord: 0.1ms)


Started GET "/users/1" for 127.0.0.1 at 2018-01-18 16:04:33 +0900
Processing by UsersController#show as HTML
  Parameters: {"id"=>"1"}
  [1m[36mUser Load (0.5ms)[0m  [1m[34mSELECT  "users".* FROM "users" WHERE "users"."id" = ? LIMIT ?[0m  [["id", 1], ["LIMIT", 1]]
  Rendering users/show.html.erb within layouts/application
  Rendered users/show.html.erb within layouts/application (1.2ms)
Completed 200 OK in 44ms (Views: 38.2ms | ActiveRecord: 0.5ms)


Started GET "/users" for 127.0.0.1 at 2018-01-18 16:04:34 +0900
Processing by UsersController#index as HTML
  Rendering users/index.html.erb within layouts/application
  [1m[36mUser Load (0.2ms)[0m  [1m[34mSELECT "users".* FROM "users"[0m
  Rendered users/index.html.erb within layouts/application (3.0ms)
Completed 200 OK in 50ms (Views: 46.6ms | ActiveRecord: 0.2ms)


Started GET "/users/new" for 127.0.0.1 at 2018-01-18 16:04:36 +0900
Processing by UsersController#new as HTML
  Rendering users/new.html.erb within layouts/application
  Rendered users/_form.html.erb (4.8ms)
  Rendered users/new.html.erb within layouts/application (8.4ms)
Completed 200 OK in 54ms (Views: 50.6ms | ActiveRecord: 0.0ms)


Started GET "/users" for 127.0.0.1 at 2018-01-18 16:09:29 +0900
Processing by UsersController#index as HTML
  Rendering users/index.html.erb within layouts/application
  [1m[36mUser Load (0.1ms)[0m  [1m[34mSELECT "users".* FROM "users"[0m
  Rendered users/index.html.erb within layouts/application (1.9ms)
Completed 200 OK in 27ms (Views: 23.3ms | ActiveRecord: 0.1ms)


Started GET "/users/new" for 127.0.0.1 at 2018-01-18 16:09:29 +0900
Processing by UsersController#new as HTML
  Rendering users/new.html.erb within layouts/application
  Rendered users/_form.html.erb (3.5ms)
  Rendered users/new.html.erb within layouts/application (6.3ms)
Completed 200 OK in 57ms (Views: 52.9ms | ActiveRecord: 0.0ms)


Started POST "/users" for 127.0.0.1 at 2018-01-18 16:09:30 +0900
Processing by UsersController#create as HTML
  Parameters: {"utf8"=>"âœ“", "authenticity_token"=>"9tT84nAa1ip7s4uf3jG+6SjGNk8VYZZNM01eWc0/HkwotXXMp3m8/VJUGb1dc6krDAIYPQZYXDWE/ik4vjlEGA==", "user"=>{"name"=>"", "emal"=>""}, "commit"=>"Create User"}
  [1m[35m (0.1ms)[0m  [1m[36mbegin transaction[0m
  [1m[35mSQL (2.2ms)[0m  [1m[32mINSERT INTO "users" ("name", "emal", "created_at", "updated_at") VALUES (?, ?, ?, ?)[0m  [["name", ""], ["emal", ""], ["created_at", "2018-01-18 07:09:30.630039"], ["updated_at", "2018-01-18 07:09:30.630039"]]
  [1m[35m (1.3ms)[0m  [1m[36mcommit transaction[0m
Redirected to http://localhost:3000/users/3
Completed 302 Found in 8ms (ActiveRecord: 3.5ms)


Started GET "/users/3" for 127.0.0.1 at 2018-01-18 16:09:30 +0900
Processing by UsersController#show as HTML
  Parameters: {"id"=>"3"}
  [1m[36mUser Load (0.1ms)[0m  [1m[34mSELECT  "users".* FROM "users" WHERE "users"."id" = ? LIMIT ?[0m  [["id", 3], ["LIMIT", 1]]
  Rendering users/show.html.erb within layouts/application
  Rendered users/show.html.erb within layouts/application (1.8ms)
Completed 200 OK in 37ms (Views: 33.5ms | ActiveRecord: 0.1ms)


Started GET "/users/3/edit" for 127.0.0.1 at 2018-01-18 16:09:32 +0900
Processing by UsersController#edit as HTML
  Parameters: {"id"=>"3"}
  [1m[36mUser Load (0.2ms)[0m  [1m[34mSELECT  "users".* FROM "users" WHERE "users"."id" = ? LIMIT ?[0m  [["id", 3], ["LIMIT", 1]]
  Rendering users/edit.html.erb within layouts/application
  Rendered users/_form.html.erb (3.9ms)
  Rendered users/edit.html.erb within layouts/application (6.7ms)
Completed 200 OK in 49ms (Views: 44.1ms | ActiveRecord: 0.2ms)


Started GET "/users" for 127.0.0.1 at 2018-01-18 16:09:34 +0900
Processing by UsersController#index as HTML
  Rendering users/index.html.erb within layouts/application
  [1m[36mUser Load (0.2ms)[0m  [1m[34mSELECT "users".* FROM "users"[0m
  Rendered users/index.html.erb within layouts/application (2.9ms)
Completed 200 OK in 44ms (Views: 41.5ms | ActiveRecord: 0.2ms)


Started DELETE "/users/3" for 127.0.0.1 at 2018-01-18 16:09:37 +0900
Processing by UsersController#destroy as HTML
  Parameters: {"authenticity_token"=>"ybLiyBw8/LcpQ2H1Ara4aMRov1RjWjKAQgTkq5Ix9BqnEFs870k4Nr2J/5pLXihh2z+DJDXyXlUjZHUa9g2Jig==", "id"=>"3"}
  [1m[36mUser Load (0.2ms)[0m  [1m[34mSELECT  "users".* FROM "users" WHERE "users"."id" = ? LIMIT ?[0m  [["id", 3], ["LIMIT", 1]]
  [1m[35m (0.1ms)[0m  [1m[36mbegin transaction[0m
  [1m[35mSQL (0.3ms)[0m  [1m[31mDELETE FROM "users" WHERE "users"."id" = ?[0m  [["id", 3]]
  [1m[35m (2.4ms)[0m  [1m[36mcommit transaction[0m
Redirected to http://localhost:3000/users
Completed 302 Found in 7ms (ActiveRecord: 3.0ms)


Started GET "/users" for 127.0.0.1 at 2018-01-18 16:09:37 +0900
Processing by UsersController#index as HTML
  Rendering users/index.html.erb within layouts/application
  [1m[36mUser Load (1.1ms)[0m  [1m[34mSELECT "users".* FROM "users"[0m
  Rendered users/index.html.erb within layouts/application (4.0ms)
Completed 200 OK in 38ms (Views: 33.9ms | ActiveRecord: 1.1ms)


Started GET "/users" for 127.0.0.1 at 2018-01-18 16:11:09 +0900
Processing by UsersController#index as HTML
  Rendering users/index.html.erb within layouts/application
  [1m[36mUser Load (0.1ms)[0m  [1m[34mSELECT "users".* FROM "users"[0m
  Rendered users/index.html.erb within layouts/application (6.0ms)
Completed 200 OK in 30ms (Views: 27.2ms | ActiveRecord: 0.1ms)


Started GET "/users/new" for 127.0.0.1 at 2018-01-18 16:11:12 +0900
Processing by UsersController#new as HTML
  Rendering users/new.html.erb within layouts/application
  Rendered users/_form.html.erb (2.8ms)
  Rendered users/new.html.erb within layouts/application (6.7ms)
Completed 200 OK in 33ms (Views: 30.9ms | ActiveRecord: 0.0ms)


Started GET "/users" for 127.0.0.1 at 2018-01-18 16:11:13 +0900
Processing by UsersController#index as HTML
  Rendering users/index.html.erb within layouts/application
  [1m[36mUser Load (0.2ms)[0m  [1m[34mSELECT "users".* FROM "users"[0m
  Rendered users/index.html.erb within layouts/application (2.5ms)
Completed 200 OK in 49ms (Views: 46.0ms | ActiveRecord: 0.2ms)


Started GET "/users/1/edit" for 127.0.0.1 at 2018-01-18 16:11:17 +0900
Processing by UsersController#edit as HTML
  Parameters: {"id"=>"1"}
  [1m[36mUser Load (0.2ms)[0m  [1m[34mSELECT  "users".* FROM "users" WHERE "users"."id" = ? LIMIT ?[0m  [["id", 1], ["LIMIT", 1]]
  Rendering users/edit.html.erb within layouts/application
  Rendered users/_form.html.erb (3.7ms)
  Rendered users/edit.html.erb within layouts/application (9.4ms)
Completed 200 OK in 49ms (Views: 42.7ms | ActiveRecord: 0.2ms)


Started GET "/users/1/edit" for 127.0.0.1 at 2018-01-18 16:11:34 +0900
Processing by UsersController#edit as HTML
  Parameters: {"id"=>"1"}
  [1m[36mUser Load (0.1ms)[0m  [1m[34mSELECT  "users".* FROM "users" WHERE "users"."id" = ? LIMIT ?[0m  [["id", 1], ["LIMIT", 1]]
  Rendering users/edit.html.erb within layouts/application
  Rendered users/_form.html.erb (3.8ms)
  Rendered users/edit.html.erb within layouts/application (6.1ms)
Completed 200 OK in 30ms (Views: 26.7ms | ActiveRecord: 0.1ms)


Started GET "/users/1/edit" for 127.0.0.1 at 2018-01-18 16:11:35 +0900
Processing by UsersController#edit as HTML
  Parameters: {"id"=>"1"}
  [1m[36mUser Load (0.1ms)[0m  [1m[34mSELECT  "users".* FROM "users" WHERE "users"."id" = ? LIMIT ?[0m  [["id", 1], ["LIMIT", 1]]
  Rendering users/edit.html.erb within layouts/application
  Rendered users/_form.html.erb (2.8ms)
  Rendered users/edit.html.erb within layouts/application (6.1ms)
Completed 200 OK in 30ms (Views: 27.0ms | ActiveRecord: 0.1ms)


Started GET "/users" for 127.0.0.1 at 2018-01-18 16:11:36 +0900
Processing by UsersController#index as HTML
  Rendering users/index.html.erb within layouts/application
  [1m[36mUser Load (0.2ms)[0m  [1m[34mSELECT "users".* FROM "users"[0m
  Rendered users/index.html.erb within layouts/application (2.4ms)
Completed 200 OK in 46ms (Views: 41.8ms | ActiveRecord: 0.2ms)


Started GET "/users/new" for 127.0.0.1 at 2018-01-18 16:11:38 +0900
Processing by UsersController#new as HTML
  Rendering users/new.html.erb within layouts/application
  Rendered users/_form.html.erb (3.8ms)
  Rendered users/new.html.erb within layouts/application (6.8ms)
Completed 200 OK in 46ms (Views: 43.6ms | ActiveRecord: 0.0ms)


Started POST "/users" for 127.0.0.1 at 2018-01-18 16:12:53 +0900
Processing by UsersController#create as HTML
  Parameters: {"utf8"=>"âœ“", "authenticity_token"=>"+/Yp6EIrU0wXrV8zFKq/qqNFHcme475ICRYwO4JP8w4ll6DGlUg5mz5KzRGX6Khoh4Ezu43adDC+pUda8UmpWg==", "user"=>{"name"=>"", "emal"=>""}, "commit"=>"Create User"}
  [1m[35m (0.1ms)[0m  [1m[36mbegin transaction[0m
  [1m[35mSQL (0.4ms)[0m  [1m[32mINSERT INTO "users" ("name", "emal", "created_at", "updated_at") VALUES (?, ?, ?, ?)[0m  [["name", ""], ["emal", ""], ["created_at", "2018-01-18 07:12:53.449510"], ["updated_at", "2018-01-18 07:12:53.449510"]]
  [1m[35m (2.9ms)[0m  [1m[36mcommit transaction[0m
Redirected to http://localhost:3000/users/4
Completed 302 Found in 7ms (ActiveRecord: 3.4ms)


Started GET "/users/4" for 127.0.0.1 at 2018-01-18 16:12:53 +0900
Processing by UsersController#show as HTML
  Parameters: {"id"=>"4"}
  [1m[36mUser Load (0.1ms)[0m  [1m[34mSELECT  "users".* FROM "users" WHERE "users"."id" = ? LIMIT ?[0m  [["id", 4], ["LIMIT", 1]]
  Rendering users/show.html.erb within layouts/application
  Rendered users/show.html.erb within layouts/application (0.7ms)
Completed 200 OK in 18ms (Views: 15.0ms | ActiveRecord: 0.1ms)


Started GET "/users" for 127.0.0.1 at 2018-01-18 16:12:54 +0900
Processing by UsersController#index as HTML
  Rendering users/index.html.erb within layouts/application
  [1m[36mUser Load (0.1ms)[0m  [1m[34mSELECT "users".* FROM "users"[0m
  Rendered users/index.html.erb within layouts/application (2.4ms)
Completed 200 OK in 40ms (Views: 38.0ms | ActiveRecord: 0.1ms)


Started DELETE "/users/4" for 127.0.0.1 at 2018-01-18 16:12:58 +0900
Processing by UsersController#destroy as HTML
  Parameters: {"authenticity_token"=>"HYIsIlA3sh+mC4/rxrlCf44mnsJjGS95LJMQj4qeyfhzIJXWo0J2njLBEYSPUdJ2kXGisjWxQ6xN84E+7qK0aA==", "id"=>"4"}
  [1m[36mUser Load (0.1ms)[0m  [1m[34mSELECT  "users".* FROM "users" WHERE "users"."id" = ? LIMIT ?[0m  [["id", 4], ["LIMIT", 1]]
  [1m[35m (0.1ms)[0m  [1m[36mbegin transaction[0m
  [1m[35mSQL (0.3ms)[0m  [1m[31mDELETE FROM "users" WHERE "users"."id" = ?[0m  [["id", 4]]
  [1m[35m (2.6ms)[0m  [1m[36mcommit transaction[0m
Redirected to http://localhost:3000/users
Completed 302 Found in 7ms (ActiveRecord: 3.1ms)


Started GET "/users" for 127.0.0.1 at 2018-01-18 16:12:58 +0900
Processing by UsersController#index as HTML
  Rendering users/index.html.erb within layouts/application
  [1m[36mUser Load (0.3ms)[0m  [1m[34mSELECT "users".* FROM "users"[0m
  Rendered users/index.html.erb within layouts/application (2.9ms)
Completed 200 OK in 32ms (Views: 30.1ms | ActiveRecord: 0.3ms)


Started GET "/users/new" for 127.0.0.1 at 2018-01-18 16:13:00 +0900
Processing by UsersController#new as HTML
  Rendering users/new.html.erb within layouts/application
  Rendered users/_form.html.erb (3.3ms)
  Rendered users/new.html.erb within layouts/application (6.5ms)
Completed 200 OK in 49ms (Views: 45.4ms | ActiveRecord: 0.0ms)


Started GET "/users/new" for 127.0.0.1 at 2018-01-18 16:14:27 +0900
Processing by UsersController#new as HTML
  Rendering users/new.html.erb within layouts/application
  Rendered users/_form.html.erb (2.1ms)
  Rendered users/new.html.erb within layouts/application (5.3ms)
Completed 200 OK in 38ms (Views: 34.9ms | ActiveRecord: 0.0ms)


Started GET "/users/new" for 127.0.0.1 at 2018-01-18 16:14:51 +0900
Processing by UsersController#new as HTML
  Rendering users/new.html.erb within layouts/application
  Rendered users/_form.html.erb (2.2ms)
  Rendered users/new.html.erb within layouts/application (4.6ms)
Completed 200 OK in 34ms (Views: 29.6ms | ActiveRecord: 0.0ms)


Started POST "/users" for 127.0.0.1 at 2018-01-18 16:14:57 +0900
Processing by UsersController#create as HTML
  Parameters: {"utf8"=>"âœ“", "authenticity_token"=>"yeGbc56TUD6sueIDHpuJMT7tGHntXIRMBJzIVJsEbIanQyKHbeaUvzhzfGxXcxk4IbokCbv06Jll/Fnl/zgRFg==", "user"=>{"name"=>"", "emal"=>""}, "commit"=>"test"}
  [1m[35m (0.1ms)[0m  [1m[36mbegin transaction[0m
  [1m[35mSQL (0.4ms)[0m  [1m[32mINSERT INTO "users" ("name", "emal", "created_at", "updated_at") VALUES (?, ?, ?, ?)[0m  [["name", ""], ["emal", ""], ["created_at", "2018-01-18 07:14:57.690388"], ["updated_at", "2018-01-18 07:14:57.690388"]]
  [1m[35m (2.2ms)[0m  [1m[36mcommit transaction[0m
Redirected to http://localhost:3000/users/5
Completed 302 Found in 7ms (ActiveRecord: 2.7ms)


Started GET "/users/5" for 127.0.0.1 at 2018-01-18 16:14:57 +0900
Processing by UsersController#show as HTML
  Parameters: {"id"=>"5"}
  [1m[36mUser Load (0.1ms)[0m  [1m[34mSELECT  "users".* FROM "users" WHERE "users"."id" = ? LIMIT ?[0m  [["id", 5], ["LIMIT", 1]]
  Rendering users/show.html.erb within layouts/application
  Rendered users/show.html.erb within layouts/application (0.7ms)
Completed 200 OK in 26ms (Views: 23.4ms | ActiveRecord: 0.1ms)


Started GET "/users" for 127.0.0.1 at 2018-01-18 16:14:59 +0900
Processing by UsersController#index as HTML
  Rendering users/index.html.erb within layouts/application
  [1m[36mUser Load (0.2ms)[0m  [1m[34mSELECT "users".* FROM "users"[0m
  Rendered users/index.html.erb within layouts/application (2.5ms)
Completed 200 OK in 50ms (Views: 46.2ms | ActiveRecord: 0.2ms)


Started GET "/users" for 127.0.0.1 at 2018-01-18 16:15:11 +0900
Processing by UsersController#index as HTML
  Rendering users/index.html.erb within layouts/application
  [1m[36mUser Load (0.2ms)[0m  [1m[34mSELECT "users".* FROM "users"[0m
  Rendered users/index.html.erb within layouts/application (2.2ms)
Completed 200 OK in 28ms (Views: 25.5ms | ActiveRecord: 0.2ms)


Started GET "/users/new" for 127.0.0.1 at 2018-01-18 16:15:13 +0900
Processing by UsersController#new as HTML
  Rendering users/new.html.erb within layouts/application
  Rendered users/_form.html.erb (3.8ms)
  Rendered users/new.html.erb within layouts/application (7.9ms)
Completed 200 OK in 56ms (Views: 50.7ms | ActiveRecord: 0.0ms)


Started GET "/users/new" for 127.0.0.1 at 2018-01-18 16:21:29 +0900
Processing by UsersController#new as HTML
  Rendering users/new.html.erb within layouts/application
  Rendered users/_form.html.erb (1.6ms)
  Rendered users/new.html.erb within layouts/application (4.1ms)
Completed 200 OK in 39ms (Views: 34.8ms | ActiveRecord: 0.0ms)


Started GET "/users" for 127.0.0.1 at 2018-01-18 16:21:32 +0900
Processing by UsersController#index as HTML
  Rendering users/index.html.erb within layouts/application
  [1m[36mUser Load (0.2ms)[0m  [1m[34mSELECT "users".* FROM "users"[0m
  Rendered users/index.html.erb within layouts/application (2.9ms)
Completed 200 OK in 46ms (Views: 43.1ms | ActiveRecord: 0.2ms)


Started GET "/users/5/edit" for 127.0.0.1 at 2018-01-18 16:21:34 +0900
Processing by UsersController#edit as HTML
  Parameters: {"id"=>"5"}
  [1m[36mUser Load (0.2ms)[0m  [1m[34mSELECT  "users".* FROM "users" WHERE "users"."id" = ? LIMIT ?[0m  [["id", 5], ["LIMIT", 1]]
  Rendering users/edit.html.erb within layouts/application
  Rendered users/_form.html.erb (3.2ms)
  Rendered users/edit.html.erb within layouts/application (6.1ms)
Completed 200 OK in 50ms (Views: 46.9ms | ActiveRecord: 0.2ms)


Started GET "/users" for 127.0.0.1 at 2018-01-18 16:21:36 +0900
Processing by UsersController#index as HTML
  Rendering users/index.html.erb within layouts/application
  [1m[36mUser Load (0.2ms)[0m  [1m[34mSELECT "users".* FROM "users"[0m
  Rendered users/index.html.erb within layouts/application (3.2ms)
Completed 200 OK in 74ms (Views: 69.2ms | ActiveRecord: 0.2ms)


Started GET "/users/new" for 127.0.0.1 at 2018-01-18 16:21:37 +0900
Processing by UsersController#new as HTML
  Rendering users/new.html.erb within layouts/application
  Rendered users/_form.html.erb (6.2ms)
  Rendered users/new.html.erb within layouts/application (9.7ms)
Completed 200 OK in 76ms (Views: 70.3ms | ActiveRecord: 0.0ms)


Started GET "/users" for 127.0.0.1 at 2018-01-18 16:21:38 +0900
Processing by UsersController#index as HTML
  Rendering users/index.html.erb within layouts/application
  [1m[36mUser Load (0.2ms)[0m  [1m[34mSELECT "users".* FROM "users"[0m
  Rendered users/index.html.erb within layouts/application (3.4ms)
Completed 200 OK in 55ms (Views: 48.2ms | ActiveRecord: 0.2ms)


Started DELETE "/users/5" for 127.0.0.1 at 2018-01-18 16:21:42 +0900
Processing by UsersController#destroy as HTML
  Parameters: {"authenticity_token"=>"OUwIjCaOm9lzclJBF2esxPvrpDVSz8Gn4rDgIST5VQFX7rF41ftfWOe4zC5ejzzN5LyYRQRnrXKD0HGQQMUokQ==", "id"=>"5"}
  [1m[36mUser Load (0.1ms)[0m  [1m[34mSELECT  "users".* FROM "users" WHERE "users"."id" = ? LIMIT ?[0m  [["id", 5], ["LIMIT", 1]]
  [1m[35m (0.1ms)[0m  [1m[36mbegin transaction[0m
  [1m[35mSQL (0.5ms)[0m  [1m[31mDELETE FROM "users" WHERE "users"."id" = ?[0m  [["id", 5]]
  [1m[35m (1.3ms)[0m  [1m[36mcommit transaction[0m
Redirected to http://localhost:3000/users
Completed 302 Found in 7ms (ActiveRecord: 2.0ms)


Started GET "/users" for 127.0.0.1 at 2018-01-18 16:21:42 +0900
Processing by UsersController#index as HTML
  Rendering users/index.html.erb within layouts/application
  [1m[36mUser Load (0.5ms)[0m  [1m[34mSELECT "users".* FROM "users"[0m
  Rendered users/index.html.erb within layouts/application (3.1ms)
Completed 200 OK in 36ms (Views: 33.4ms | ActiveRecord: 0.5ms)


Started GET "/users/2/edit" for 127.0.0.1 at 2018-01-18 16:23:13 +0900
Processing by UsersController#edit as HTML
  Parameters: {"id"=>"2"}
  [1m[36mUser Load (0.2ms)[0m  [1m[34mSELECT  "users".* FROM "users" WHERE "users"."id" = ? LIMIT ?[0m  [["id", 2], ["LIMIT", 1]]
  Rendering users/edit.html.erb within layouts/application
  Rendered users/_form.html.erb (1.9ms)
  Rendered users/edit.html.erb within layouts/application (96.7ms)
Completed 500 Internal Server Error in 105ms (ActiveRecord: 0.2ms)


  
ActionView::Template::Error (undefined local variable or method `f' for #<#<Class:0x007f832eab0550>:0x007f832c7c8790>):
    5: <%= link_to 'è¡¨ç¤º', @user %> |
    6: <%= link_to 'æˆ»ã‚‹', users_path %>
    7: <div class="actions">
    8: <%= f.submit "ç™»éŒ²ã™ã‚‹" %>
    9: </div>
  
app/views/users/edit.html.erb:8:in `_app_views_users_edit_html_erb__3325704414523088138_70100681905100'
  Rendering /Users/katayama/.rbenv/versions/2.2.3/lib/ruby/gems/2.2.0/gems/actionpack-5.0.6/lib/action_dispatch/middleware/templates/rescues/template_error.html.erb within rescues/layout
  Rendering /Users/katayama/.rbenv/versions/2.2.3/lib/ruby/gems/2.2.0/gems/actionpack-5.0.6/lib/action_dispatch/middleware/templates/rescues/_source.html.erb
  Rendered /Users/katayama/.rbenv/versions/2.2.3/lib/ruby/gems/2.2.0/gems/actionpack-5.0.6/lib/action_dispatch/middleware/templates/rescues/_source.html.erb (5.3ms)
  Rendering /Users/katayama/.rbenv/versions/2.2.3/lib/ruby/gems/2.2.0/gems/actionpack-5.0.6/lib/action_dispatch/middleware/templates/rescues/_trace.html.erb
  Rendered /Users/katayama/.rbenv/versions/2.2.3/lib/ruby/gems/2.2.0/gems/actionpack-5.0.6/lib/action_dispatch/middleware/templates/rescues/_trace.html.erb (2.4ms)
  Rendering /Users/katayama/.rbenv/versions/2.2.3/lib/ruby/gems/2.2.0/gems/actionpack-5.0.6/lib/action_dispatch/middleware/templates/rescues/_request_and_response.html.erb
  Rendered /Users/katayama/.rbenv/versions/2.2.3/lib/ruby/gems/2.2.0/gems/actionpack-5.0.6/lib/action_dispatch/middleware/templates/rescues/_request_and_response.html.erb (1.0ms)
  Rendered /Users/katayama/.rbenv/versions/2.2.3/lib/ruby/gems/2.2.0/gems/actionpack-5.0.6/lib/action_dispatch/middleware/templates/rescues/template_error.html.erb within rescues/layout (101.0ms)
Started GET "/users/2/edit" for 127.0.0.1 at 2018-01-18 16:25:56 +0900
Processing by UsersController#edit as HTML
  Parameters: {"id"=>"2"}
  [1m[36mUser Load (0.2ms)[0m  [1m[34mSELECT  "users".* FROM "users" WHERE "users"."id" = ? LIMIT ?[0m  [["id", 2], ["LIMIT", 1]]
  Rendering users/edit.html.erb within layouts/application
  Rendered users/_form.html.erb (1.8ms)
  Rendered users/edit.html.erb within layouts/application (4.0ms)
Completed 200 OK in 29ms (Views: 25.0ms | ActiveRecord: 0.2ms)


Started GET "/" for 127.0.0.1 at 2018-01-21 20:57:17 +0900
  [1m[36mActiveRecord::SchemaMigration Load (0.4ms)[0m  [1m[34mSELECT "schema_migrations".* FROM "schema_migrations"[0m
Processing by Rails::WelcomeController#index as HTML
  Parameters: {"internal"=>true}
  Rendering /Users/katayama/.rbenv/versions/2.2.3/lib/ruby/gems/2.2.0/gems/railties-5.0.6/lib/rails/templates/rails/welcome/index.html.erb
  Rendered /Users/katayama/.rbenv/versions/2.2.3/lib/ruby/gems/2.2.0/gems/railties-5.0.6/lib/rails/templates/rails/welcome/index.html.erb (3.3ms)
Completed 200 OK in 28ms (Views: 10.3ms | ActiveRecord: 0.0ms)


Started GET "/users" for 127.0.0.1 at 2018-01-21 20:57:24 +0900
Processing by UsersController#index as HTML
  Rendering users/index.html.erb within layouts/application
  [1m[36mUser Load (0.6ms)[0m  [1m[34mSELECT "users".* FROM "users"[0m
  Rendered users/index.html.erb within layouts/application (13.5ms)
Completed 200 OK in 292ms (Views: 285.0ms | ActiveRecord: 1.2ms)


Started GET "/users/new" for 127.0.0.1 at 2018-01-21 20:57:29 +0900
Processing by UsersController#new as HTML
  Rendering users/new.html.erb within layouts/application
  Rendered users/_form.html.erb (29.4ms)
  Rendered users/new.html.erb within layouts/application (33.9ms)
Completed 200 OK in 63ms (Views: 56.7ms | ActiveRecord: 0.0ms)


Started GET "/users" for 127.0.0.1 at 2018-01-21 20:57:31 +0900
Processing by UsersController#index as HTML
  Rendering users/index.html.erb within layouts/application
  [1m[36mUser Load (0.2ms)[0m  [1m[34mSELECT "users".* FROM "users"[0m
  Rendered users/index.html.erb within layouts/application (3.0ms)
Completed 200 OK in 47ms (Views: 43.0ms | ActiveRecord: 0.2ms)


Started GET "/users/1" for 127.0.0.1 at 2018-01-21 20:57:33 +0900
Processing by UsersController#show as HTML
  Parameters: {"id"=>"1"}
  [1m[36mUser Load (0.3ms)[0m  [1m[34mSELECT  "users".* FROM "users" WHERE "users"."id" = ? LIMIT ?[0m  [["id", 1], ["LIMIT", 1]]
  Rendering users/show.html.erb within layouts/application
  Rendered users/show.html.erb within layouts/application (1.6ms)
Completed 200 OK in 55ms (Views: 42.1ms | ActiveRecord: 0.3ms)


Started GET "/users" for 127.0.0.1 at 2018-01-21 20:57:35 +0900
Processing by UsersController#index as HTML
  Rendering users/index.html.erb within layouts/application
  [1m[36mUser Load (0.2ms)[0m  [1m[34mSELECT "users".* FROM "users"[0m
  Rendered users/index.html.erb within layouts/application (2.9ms)
Completed 200 OK in 50ms (Views: 45.1ms | ActiveRecord: 0.2ms)


Started GET "/users/new" for 127.0.0.1 at 2018-01-21 20:57:45 +0900
Processing by UsersController#new as HTML
  Rendering users/new.html.erb within layouts/application
  Rendered users/_form.html.erb (18.8ms)
  Rendered users/new.html.erb within layouts/application (28.2ms)
Completed 200 OK in 101ms (Views: 98.7ms | ActiveRecord: 0.0ms)


Started POST "/users" for 127.0.0.1 at 2018-01-21 20:57:50 +0900
Processing by UsersController#create as HTML
  Parameters: {"utf8"=>"âœ“", "authenticity_token"=>"+kxIxAPkAcqd4vo/M4UjA9rFfrSZiyYofywjmWyvHVrJZdZbpPttGDtyj9zEPgTskDdgR6OjkJF8oASdjC4xYw==", "user"=>{"name"=>"test", "emal"=>"test@gmail.com"}, "commit"=>"ç™»éŒ²ã™ã‚‹"}
  [1m[35m (0.1ms)[0m  [1m[36mbegin transaction[0m
  [1m[35mSQL (1.0ms)[0m  [1m[32mINSERT INTO "users" ("name", "emal", "created_at", "updated_at") VALUES (?, ?, ?, ?)[0m  [["name", "test"], ["emal", "test@gmail.com"], ["created_at", "2018-01-21 11:57:50.376495"], ["updated_at", "2018-01-21 11:57:50.376495"]]
  [1m[35m (2.2ms)[0m  [1m[36mcommit transaction[0m
Redirected to http://localhost:3000/users/6
Completed 302 Found in 9ms (ActiveRecord: 3.2ms)


Started GET "/users/6" for 127.0.0.1 at 2018-01-21 20:57:50 +0900
Processing by UsersController#show as HTML
  Parameters: {"id"=>"6"}
  [1m[36mUser Load (0.1ms)[0m  [1m[34mSELECT  "users".* FROM "users" WHERE "users"."id" = ? LIMIT ?[0m  [["id", 6], ["LIMIT", 1]]
  Rendering users/show.html.erb within layouts/application
  Rendered users/show.html.erb within layouts/application (1.5ms)
Completed 200 OK in 28ms (Views: 24.8ms | ActiveRecord: 0.1ms)


Started GET "/users" for 127.0.0.1 at 2018-01-21 20:57:53 +0900
Processing by UsersController#index as HTML
  Rendering users/index.html.erb within layouts/application
  [1m[36mUser Load (0.2ms)[0m  [1m[34mSELECT "users".* FROM "users"[0m
  Rendered users/index.html.erb within layouts/application (3.2ms)
Completed 200 OK in 83ms (Views: 79.1ms | ActiveRecord: 0.2ms)


Started GET "/users" for 127.0.0.1 at 2018-01-22 00:14:05 +0900
  [1m[36mActiveRecord::SchemaMigration Load (0.1ms)[0m  [1m[34mSELECT "schema_migrations".* FROM "schema_migrations"[0m
Processing by UsersController#index as HTML
  Rendering users/index.html.erb within layouts/application
  [1m[36mUser Load (0.1ms)[0m  [1m[34mSELECT "users".* FROM "users"[0m
  Rendered users/index.html.erb within layouts/application (17.8ms)
Completed 200 OK in 360ms (Views: 346.9ms | ActiveRecord: 0.6ms)


Started GET "/users/1/edit" for 127.0.0.1 at 2018-01-22 00:14:10 +0900
Processing by UsersController#edit as HTML
  Parameters: {"id"=>"1"}
  [1m[36mUser Load (0.3ms)[0m  [1m[34mSELECT  "users".* FROM "users" WHERE "users"."id" = ? LIMIT ?[0m  [["id", 1], ["LIMIT", 1]]
  Rendering users/edit.html.erb within layouts/application
  Rendered users/_form.html.erb (32.5ms)
  Rendered users/edit.html.erb within layouts/application (35.6ms)
Completed 200 OK in 80ms (Views: 68.5ms | ActiveRecord: 0.3ms)


Started GET "/users" for 127.0.0.1 at 2018-01-22 00:14:13 +0900
Processing by UsersController#index as HTML
  Rendering users/index.html.erb within layouts/application
  [1m[36mUser Load (0.2ms)[0m  [1m[34mSELECT "users".* FROM "users"[0m
  Rendered users/index.html.erb within layouts/application (3.6ms)
Completed 200 OK in 68ms (Views: 63.8ms | ActiveRecord: 0.2ms)


Started GET "/users/1" for 127.0.0.1 at 2018-01-23 19:35:28 +0900
  [1m[36mActiveRecord::SchemaMigration Load (0.2ms)[0m  [1m[34mSELECT "schema_migrations".* FROM "schema_migrations"[0m
Processing by UsersController#show as HTML
  Parameters: {"id"=>"1"}
  [1m[36mUser Load (0.5ms)[0m  [1m[34mSELECT  "users".* FROM "users" WHERE "users"."id" = ? LIMIT ?[0m  [["id", 1], ["LIMIT", 1]]
  Rendering users/show.html.erb within layouts/application
  Rendered users/show.html.erb within layouts/application (4.8ms)
Completed 200 OK in 236ms (Views: 212.3ms | ActiveRecord: 0.9ms)


Started GET "/users" for 127.0.0.1 at 2018-01-23 19:35:30 +0900
Processing by UsersController#index as HTML
  Rendering users/index.html.erb within layouts/application
  [1m[36mUser Load (0.4ms)[0m  [1m[34mSELECT "users".* FROM "users"[0m
  Rendered users/index.html.erb within layouts/application (5.5ms)
Completed 200 OK in 51ms (Views: 45.2ms | ActiveRecord: 0.4ms)


Started GET "/users/1/edit" for 127.0.0.1 at 2018-01-23 19:35:32 +0900
Processing by UsersController#edit as HTML
  Parameters: {"id"=>"1"}
  [1m[36mUser Load (0.2ms)[0m  [1m[34mSELECT  "users".* FROM "users" WHERE "users"."id" = ? LIMIT ?[0m  [["id", 1], ["LIMIT", 1]]
  Rendering users/edit.html.erb within layouts/application
  Rendered users/_form.html.erb (46.0ms)
  Rendered users/edit.html.erb within layouts/application (52.0ms)
Completed 200 OK in 90ms (Views: 84.5ms | ActiveRecord: 0.2ms)


Started GET "/users" for 127.0.0.1 at 2018-01-23 19:35:38 +0900
Processing by UsersController#index as HTML
  Rendering users/index.html.erb within layouts/application
  [1m[36mUser Load (0.3ms)[0m  [1m[34mSELECT "users".* FROM "users"[0m
  Rendered users/index.html.erb within layouts/application (3.5ms)
Completed 200 OK in 51ms (Views: 47.4ms | ActiveRecord: 0.3ms)


Started DELETE "/users/1" for 127.0.0.1 at 2018-01-23 19:35:57 +0900
Processing by UsersController#destroy as HTML
  Parameters: {"authenticity_token"=>"80mPEKiYeZVe2ZpYb/DOA5sBaIB+dkuVzDHZppDGBT/4LWTnKdAhhUivMrbumBi/GshYxsff/N10MiMoI5bzcw==", "id"=>"1"}
  [1m[36mUser Load (0.3ms)[0m  [1m[34mSELECT  "users".* FROM "users" WHERE "users"."id" = ? LIMIT ?[0m  [["id", 1], ["LIMIT", 1]]
  [1m[35m (0.1ms)[0m  [1m[36mbegin transaction[0m
  [1m[35mSQL (0.4ms)[0m  [1m[31mDELETE FROM "users" WHERE "users"."id" = ?[0m  [["id", 1]]
  [1m[35m (1.5ms)[0m  [1m[36mcommit transaction[0m
Redirected to http://localhost:3000/users
Completed 302 Found in 9ms (ActiveRecord: 2.3ms)


Started GET "/users" for 127.0.0.1 at 2018-01-23 19:35:57 +0900
Processing by UsersController#index as HTML
  Rendering users/index.html.erb within layouts/application
  [1m[36mUser Load (0.3ms)[0m  [1m[34mSELECT "users".* FROM "users"[0m
  Rendered users/index.html.erb within layouts/application (2.6ms)
Completed 200 OK in 41ms (Views: 38.0ms | ActiveRecord: 0.3ms)


Started GET "/users/2" for 127.0.0.1 at 2018-01-23 19:36:01 +0900
Processing by UsersController#show as HTML
  Parameters: {"id"=>"2"}
  [1m[36mUser Load (0.2ms)[0m  [1m[34mSELECT  "users".* FROM "users" WHERE "users"."id" = ? LIMIT ?[0m  [["id", 2], ["LIMIT", 1]]
  Rendering users/show.html.erb within layouts/application
  Rendered users/show.html.erb within layouts/application (1.1ms)
Completed 200 OK in 49ms (Views: 45.7ms | ActiveRecord: 0.2ms)


Started GET "/users" for 127.0.0.1 at 2018-01-23 19:36:02 +0900
Processing by UsersController#index as HTML
  Rendering users/index.html.erb within layouts/application
  [1m[36mUser Load (0.3ms)[0m  [1m[34mSELECT "users".* FROM "users"[0m
  Rendered users/index.html.erb within layouts/application (2.5ms)
Completed 200 OK in 60ms (Views: 56.8ms | ActiveRecord: 0.3ms)


Started GET "/users/new" for 127.0.0.1 at 2018-01-23 19:36:06 +0900
Processing by UsersController#new as HTML
  Rendering users/new.html.erb within layouts/application
  Rendered users/_form.html.erb (2.6ms)
  Rendered users/new.html.erb within layouts/application (6.0ms)
Completed 200 OK in 41ms (Views: 35.0ms | ActiveRecord: 0.0ms)


Started POST "/users" for 127.0.0.1 at 2018-01-23 19:36:13 +0900
Processing by UsersController#create as HTML
  Parameters: {"utf8"=>"âœ“", "authenticity_token"=>"gAfspCjAYJQcNwpdd8j0Wq5NMAUcZytS+/oMWOF4JcqNaAJkbR+Hrc9/u2rPzjHHV8C9w5JaEV4aAqJrkD6T3Q==", "user"=>{"name"=>"test", "emal"=>"test@gmail.com"}, "commit"=>"ç™»éŒ²ã™ã‚‹"}
  [1m[35m (0.1ms)[0m  [1m[36mbegin transaction[0m
  [1m[35mSQL (1.2ms)[0m  [1m[32mINSERT INTO "users" ("name", "emal", "created_at", "updated_at") VALUES (?, ?, ?, ?)[0m  [["name", "test"], ["emal", "test@gmail.com"], ["created_at", "2018-01-23 10:36:13.213463"], ["updated_at", "2018-01-23 10:36:13.213463"]]
  [1m[35m (1.2ms)[0m  [1m[36mcommit transaction[0m
Redirected to http://localhost:3000/users/7
Completed 302 Found in 8ms (ActiveRecord: 2.4ms)


Started GET "/users/7" for 127.0.0.1 at 2018-01-23 19:36:13 +0900
Processing by UsersController#show as HTML
  Parameters: {"id"=>"7"}
  [1m[36mUser Load (0.2ms)[0m  [1m[34mSELECT  "users".* FROM "users" WHERE "users"."id" = ? LIMIT ?[0m  [["id", 7], ["LIMIT", 1]]
  Rendering users/show.html.erb within layouts/application
  Rendered users/show.html.erb within layouts/application (0.9ms)
Completed 200 OK in 30ms (Views: 27.4ms | ActiveRecord: 0.2ms)


Started GET "/users" for 127.0.0.1 at 2018-01-23 19:36:15 +0900
Processing by UsersController#index as HTML
  Rendering users/index.html.erb within layouts/application
  [1m[36mUser Load (0.2ms)[0m  [1m[34mSELECT "users".* FROM "users"[0m
  Rendered users/index.html.erb within layouts/application (3.3ms)
Completed 200 OK in 50ms (Views: 47.1ms | ActiveRecord: 0.2ms)


Started GET "/" for 127.0.0.1 at 2018-01-27 03:38:21 +0900
  [1m[36mActiveRecord::SchemaMigration Load (0.6ms)[0m  [1m[34mSELECT "schema_migrations".* FROM "schema_migrations"[0m
Processing by Rails::WelcomeController#index as HTML
  Parameters: {"internal"=>true}
  Rendering /Users/katayama/.rbenv/versions/2.2.3/lib/ruby/gems/2.2.0/gems/railties-5.0.6/lib/rails/templates/rails/welcome/index.html.erb
  Rendered /Users/katayama/.rbenv/versions/2.2.3/lib/ruby/gems/2.2.0/gems/railties-5.0.6/lib/rails/templates/rails/welcome/index.html.erb (4.3ms)
Completed 200 OK in 22ms (Views: 11.3ms | ActiveRecord: 0.0ms)


Started GET "/users" for 127.0.0.1 at 2018-01-27 03:38:26 +0900
Processing by UsersController#index as HTML
  Rendering users/index.html.erb within layouts/application
  [1m[36mUser Load (0.6ms)[0m  [1m[34mSELECT "users".* FROM "users"[0m
  Rendered users/index.html.erb within layouts/application (19.8ms)
Completed 200 OK in 338ms (Views: 331.6ms | ActiveRecord: 1.1ms)


Started GET "/users/new" for 127.0.0.1 at 2018-01-27 03:38:32 +0900
Processing by UsersController#new as HTML
  Rendering users/new.html.erb within layouts/application
  Rendered users/_form.html.erb (43.2ms)
  Rendered users/new.html.erb within layouts/application (47.8ms)
Completed 200 OK in 83ms (Views: 79.4ms | ActiveRecord: 0.0ms)


Started POST "/users" for 127.0.0.1 at 2018-01-27 03:38:38 +0900
Processing by UsersController#create as HTML
  Parameters: {"utf8"=>"âœ“", "authenticity_token"=>"d6HggdmmLuOpGC10g4S+MRDwmqJIq79qc5q0A3uS6mm3W1kwDZTn7117jCwcaaPazNK7QetD05OtxsvhOZvxQg==", "user"=>{"name"=>"ç‰‡å±± æ˜“ç¥¥", "emal"=>"test@gmail.com"}, "commit"=>"ç™»éŒ²ã™ã‚‹"}
  [1m[35m (0.1ms)[0m  [1m[36mbegin transaction[0m
  [1m[35mSQL (0.8ms)[0m  [1m[32mINSERT INTO "users" ("name", "emal", "created_at", "updated_at") VALUES (?, ?, ?, ?)[0m  [["name", "ç‰‡å±± æ˜“ç¥¥"], ["emal", "test@gmail.com"], ["created_at", "2018-01-26 18:38:38.122525"], ["updated_at", "2018-01-26 18:38:38.122525"]]
  [1m[35m (1.1ms)[0m  [1m[36mcommit transaction[0m
Redirected to http://localhost:3000/users/8
Completed 302 Found in 6ms (ActiveRecord: 2.0ms)


Started GET "/users/8" for 127.0.0.1 at 2018-01-27 03:38:38 +0900
Processing by UsersController#show as HTML
  Parameters: {"id"=>"8"}
  [1m[36mUser Load (0.3ms)[0m  [1m[34mSELECT  "users".* FROM "users" WHERE "users"."id" = ? LIMIT ?[0m  [["id", 8], ["LIMIT", 1]]
  Rendering users/show.html.erb within layouts/application
  Rendered users/show.html.erb within layouts/application (0.7ms)
Completed 200 OK in 23ms (Views: 16.0ms | ActiveRecord: 0.3ms)


Started GET "/users" for 127.0.0.1 at 2018-01-27 03:38:46 +0900
Processing by UsersController#index as HTML
  Rendering users/index.html.erb within layouts/application
  [1m[36mUser Load (0.5ms)[0m  [1m[34mSELECT "users".* FROM "users"[0m
  Rendered users/index.html.erb within layouts/application (3.9ms)
Completed 200 OK in 50ms (Views: 44.5ms | ActiveRecord: 0.5ms)


Started DELETE "/users/8" for 127.0.0.1 at 2018-01-27 03:38:51 +0900
Processing by UsersController#destroy as HTML
  Parameters: {"authenticity_token"=>"4nxLoxtqVHvRXTirnRdXbRj5rEWHaqBhxtsx7Y7+yp+yWDmkuMNV4bjydusCYAbNUoG/KsJgbrPBAWSxgyEHzg==", "id"=>"8"}
  [1m[36mUser Load (0.2ms)[0m  [1m[34mSELECT  "users".* FROM "users" WHERE "users"."id" = ? LIMIT ?[0m  [["id", 8], ["LIMIT", 1]]
  [1m[35m (0.1ms)[0m  [1m[36mbegin transaction[0m
  [1m[35mSQL (0.6ms)[0m  [1m[31mDELETE FROM "users" WHERE "users"."id" = ?[0m  [["id", 8]]
  [1m[35m (1.3ms)[0m  [1m[36mcommit transaction[0m
Redirected to http://localhost:3000/users
Completed 302 Found in 7ms (ActiveRecord: 2.2ms)


Started GET "/users" for 127.0.0.1 at 2018-01-27 03:38:51 +0900
Processing by UsersController#index as HTML
  Rendering users/index.html.erb within layouts/application
  [1m[36mUser Load (0.3ms)[0m  [1m[34mSELECT "users".* FROM "users"[0m
  Rendered users/index.html.erb within layouts/application (5.3ms)
Completed 200 OK in 50ms (Views: 47.9ms | ActiveRecord: 0.3ms)


Started GET "/users" for 127.0.0.1 at 2018-01-28 00:04:58 +0900
  [1m[36mActiveRecord::SchemaMigration Load (0.4ms)[0m  [1m[34mSELECT "schema_migrations".* FROM "schema_migrations"[0m
Processing by UsersController#index as HTML
  Rendering users/index.html.erb within layouts/application
  [1m[36mUser Load (0.4ms)[0m  [1m[34mSELECT "users".* FROM "users"[0m
  Rendered users/index.html.erb within layouts/application (16.9ms)
Completed 200 OK in 411ms (Views: 396.7ms | ActiveRecord: 0.9ms)


Started DELETE "/users/2" for 127.0.0.1 at 2018-01-28 00:05:12 +0900
Processing by UsersController#destroy as HTML
  Parameters: {"authenticity_token"=>"5qa69qF90wtU55dyp7B7OlsExyKcr2YWk1oAR2/v7K22gsjxAtTSkT1I2TI4xyqaEXzUTdmlqMSUgFUbYjAh/A==", "id"=>"2"}
  [1m[36mUser Load (0.4ms)[0m  [1m[34mSELECT  "users".* FROM "users" WHERE "users"."id" = ? LIMIT ?[0m  [["id", 2], ["LIMIT", 1]]
  [1m[35m (0.1ms)[0m  [1m[36mbegin transaction[0m
  [1m[35mSQL (0.4ms)[0m  [1m[31mDELETE FROM "users" WHERE "users"."id" = ?[0m  [["id", 2]]
  [1m[35m (1.3ms)[0m  [1m[36mcommit transaction[0m
Redirected to http://localhost:3000/users
Completed 302 Found in 13ms (ActiveRecord: 2.2ms)


Started GET "/users" for 127.0.0.1 at 2018-01-28 00:05:12 +0900
Processing by UsersController#index as HTML
  Rendering users/index.html.erb within layouts/application
  [1m[36mUser Load (0.2ms)[0m  [1m[34mSELECT "users".* FROM "users"[0m
  Rendered users/index.html.erb within layouts/application (1.9ms)
Completed 200 OK in 31ms (Views: 28.3ms | ActiveRecord: 0.2ms)


Started GET "/users/new" for 127.0.0.1 at 2018-01-28 00:05:15 +0900
Processing by UsersController#new as HTML
  Rendering users/new.html.erb within layouts/application
  Rendered users/_form.html.erb (24.3ms)
  Rendered users/new.html.erb within layouts/application (27.7ms)
Completed 200 OK in 63ms (Views: 59.5ms | ActiveRecord: 0.0ms)


Started POST "/users" for 127.0.0.1 at 2018-01-28 00:05:22 +0900
Processing by UsersController#create as HTML
  Parameters: {"utf8"=>"âœ“", "authenticity_token"=>"+qVQ0SmuxWsdaU8Pnv8f0mUPA2EP7gPH4SrsjQ2JLD46X+lg/ZwMZ+kK7lcBEgI5uS0igqwGbz4/dpNvT4A3FQ==", "user"=>{"name"=>"test", "emal"=>"test@gmail.com"}, "commit"=>"ç™»éŒ²ã™ã‚‹"}
  [1m[35m (0.1ms)[0m  [1m[36mbegin transaction[0m
  [1m[35mSQL (0.8ms)[0m  [1m[32mINSERT INTO "users" ("name", "emal", "created_at", "updated_at") VALUES (?, ?, ?, ?)[0m  [["name", "test"], ["emal", "test@gmail.com"], ["created_at", "2018-01-27 15:05:22.255060"], ["updated_at", "2018-01-27 15:05:22.255060"]]
  [1m[35m (1.1ms)[0m  [1m[36mcommit transaction[0m
Redirected to http://localhost:3000/users/9
Completed 302 Found in 7ms (ActiveRecord: 1.9ms)


Started GET "/users/9" for 127.0.0.1 at 2018-01-28 00:05:22 +0900
Processing by UsersController#show as HTML
  Parameters: {"id"=>"9"}
  [1m[36mUser Load (0.1ms)[0m  [1m[34mSELECT  "users".* FROM "users" WHERE "users"."id" = ? LIMIT ?[0m  [["id", 9], ["LIMIT", 1]]
  Rendering users/show.html.erb within layouts/application
  Rendered users/show.html.erb within layouts/application (0.7ms)
Completed 200 OK in 19ms (Views: 16.6ms | ActiveRecord: 0.1ms)


Started GET "/users" for 127.0.0.1 at 2018-01-28 00:05:25 +0900
Processing by UsersController#index as HTML
  Rendering users/index.html.erb within layouts/application
  [1m[36mUser Load (0.3ms)[0m  [1m[34mSELECT "users".* FROM "users"[0m
  Rendered users/index.html.erb within layouts/application (6.4ms)
Completed 200 OK in 53ms (Views: 49.5ms | ActiveRecord: 0.3ms)


Started GET "/" for 127.0.0.1 at 2018-02-05 17:13:02 -0800
  [1m[36mActiveRecord::SchemaMigration Load (0.6ms)[0m  [1m[34mSELECT "schema_migrations".* FROM "schema_migrations"[0m
Processing by Rails::WelcomeController#index as HTML
  Parameters: {"internal"=>true}
  Rendering /Users/katayama/.rbenv/versions/2.2.3/lib/ruby/gems/2.2.0/gems/railties-5.0.6/lib/rails/templates/rails/welcome/index.html.erb
  Rendered /Users/katayama/.rbenv/versions/2.2.3/lib/ruby/gems/2.2.0/gems/railties-5.0.6/lib/rails/templates/rails/welcome/index.html.erb (5.6ms)
Completed 200 OK in 30ms (Views: 12.6ms | ActiveRecord: 0.0ms)


Started GET "/foo" for 127.0.0.1 at 2018-02-05 17:13:13 -0800
  
ActionController::RoutingError (No route matches [GET] "/foo"):
  
actionpack (5.0.6) lib/action_dispatch/middleware/debug_exceptions.rb:53:in `call'
web-console (3.5.1) lib/web_console/middleware.rb:135:in `call_app'
web-console (3.5.1) lib/web_console/middleware.rb:28:in `block in call'
web-console (3.5.1) lib/web_console/middleware.rb:18:in `catch'
web-console (3.5.1) lib/web_console/middleware.rb:18:in `call'
actionpack (5.0.6) lib/action_dispatch/middleware/show_exceptions.rb:31:in `call'
railties (5.0.6) lib/rails/rack/logger.rb:36:in `call_app'
railties (5.0.6) lib/rails/rack/logger.rb:24:in `block in call'
activesupport (5.0.6) lib/active_support/tagged_logging.rb:69:in `block in tagged'
activesupport (5.0.6) lib/active_support/tagged_logging.rb:26:in `tagged'
activesupport (5.0.6) lib/active_support/tagged_logging.rb:69:in `tagged'
railties (5.0.6) lib/rails/rack/logger.rb:24:in `call'
sprockets-rails (3.2.1) lib/sprockets/rails/quiet_assets.rb:13:in `call'
actionpack (5.0.6) lib/action_dispatch/middleware/request_id.rb:24:in `call'
rack (2.0.3) lib/rack/method_override.rb:22:in `call'
rack (2.0.3) lib/rack/runtime.rb:22:in `call'
activesupport (5.0.6) lib/active_support/cache/strategy/local_cache_middleware.rb:28:in `call'
actionpack (5.0.6) lib/action_dispatch/middleware/executor.rb:12:in `call'
actionpack (5.0.6) lib/action_dispatch/middleware/static.rb:136:in `call'
rack (2.0.3) lib/rack/sendfile.rb:111:in `call'
railties (5.0.6) lib/rails/engine.rb:522:in `call'
puma (3.11.0) lib/puma/configuration.rb:225:in `call'
puma (3.11.0) lib/puma/server.rb:624:in `handle_request'
puma (3.11.0) lib/puma/server.rb:438:in `process_client'
puma (3.11.0) lib/puma/server.rb:302:in `block in run'
puma (3.11.0) lib/puma/thread_pool.rb:120:in `call'
puma (3.11.0) lib/puma/thread_pool.rb:120:in `block in spawn_thread'
  Rendering /Users/katayama/.rbenv/versions/2.2.3/lib/ruby/gems/2.2.0/gems/actionpack-5.0.6/lib/action_dispatch/middleware/templates/rescues/routing_error.html.erb within rescues/layout
  Rendering /Users/katayama/.rbenv/versions/2.2.3/lib/ruby/gems/2.2.0/gems/actionpack-5.0.6/lib/action_dispatch/middleware/templates/rescues/_trace.html.erb
  Rendered /Users/katayama/.rbenv/versions/2.2.3/lib/ruby/gems/2.2.0/gems/actionpack-5.0.6/lib/action_dispatch/middleware/templates/rescues/_trace.html.erb (1.7ms)
  Rendered collection of /Users/katayama/.rbenv/versions/2.2.3/lib/ruby/gems/2.2.0/gems/actionpack-5.0.6/lib/action_dispatch/middleware/templates/routes/_route.html.erb [8 times] (11.7ms)
  Rendered /Users/katayama/.rbenv/versions/2.2.3/lib/ruby/gems/2.2.0/gems/actionpack-5.0.6/lib/action_dispatch/middleware/templates/routes/_table.html.erb (5.5ms)
  Rendering /Users/katayama/.rbenv/versions/2.2.3/lib/ruby/gems/2.2.0/gems/actionpack-5.0.6/lib/action_dispatch/middleware/templates/rescues/_request_and_response.html.erb
  Rendered /Users/katayama/.rbenv/versions/2.2.3/lib/ruby/gems/2.2.0/gems/actionpack-5.0.6/lib/action_dispatch/middleware/templates/rescues/_request_and_response.html.erb (0.9ms)
  Rendered /Users/katayama/.rbenv/versions/2.2.3/lib/ruby/gems/2.2.0/gems/actionpack-5.0.6/lib/action_dispatch/middleware/templates/rescues/routing_error.html.erb within rescues/layout (152.1ms)
Started GET "/users" for 127.0.0.1 at 2018-02-05 17:13:22 -0800
Processing by UsersController#index as HTML
  Rendering users/index.html.erb within layouts/application
  [1m[36mUser Load (0.8ms)[0m  [1m[34mSELECT "users".* FROM "users"[0m
  Rendered users/index.html.erb within layouts/application (10.4ms)
Completed 200 OK in 315ms (Views: 308.0ms | ActiveRecord: 1.2ms)


Started GET "/users" for 127.0.0.1 at 2018-02-05 17:14:26 -0800
Processing by UsersController#index as HTML
  Rendering users/index.html.erb within layouts/application
  [1m[36mUser Load (0.3ms)[0m  [1m[34mSELECT "users".* FROM "users"[0m
  Rendered users/index.html.erb within layouts/application (2.3ms)
Completed 200 OK in 27ms (Views: 22.8ms | ActiveRecord: 0.3ms)


Started GET "/users" for 127.0.0.1 at 2018-02-05 17:14:35 -0800
Processing by UsersController#index as HTML
  Rendering users/index.html.erb within layouts/application
  [1m[36mUser Load (0.2ms)[0m  [1m[34mSELECT "users".* FROM "users"[0m
  Rendered users/index.html.erb within layouts/application (2.2ms)
Completed 200 OK in 23ms (Views: 20.2ms | ActiveRecord: 0.2ms)


Started GET "/users/new" for 127.0.0.1 at 2018-02-05 17:14:37 -0800
Processing by UsersController#new as HTML
  Rendering users/new.html.erb within layouts/application
  Rendered users/_form.html.erb (35.0ms)
  Rendered users/new.html.erb within layouts/application (39.8ms)
Completed 200 OK in 82ms (Views: 77.4ms | ActiveRecord: 0.0ms)


Started GET "/users/new" for 127.0.0.1 at 2018-02-05 17:15:05 -0800
Processing by UsersController#new as HTML
  Rendering users/new.html.erb within layouts/application
  Rendered users/_form.html.erb (1.9ms)
  Rendered users/new.html.erb within layouts/application (4.1ms)
Completed 200 OK in 27ms (Views: 24.9ms | ActiveRecord: 0.0ms)


Started GET "/users" for 127.0.0.1 at 2018-02-05 17:15:07 -0800
Processing by UsersController#index as HTML
  Rendering users/index.html.erb within layouts/application
  [1m[36mUser Load (0.2ms)[0m  [1m[34mSELECT "users".* FROM "users"[0m
  Rendered users/index.html.erb within layouts/application (3.6ms)
Completed 200 OK in 85ms (Views: 80.3ms | ActiveRecord: 0.2ms)


Started GET "/users" for 127.0.0.1 at 2018-02-06 17:02:02 -0800
  [1m[36mActiveRecord::SchemaMigration Load (0.4ms)[0m  [1m[34mSELECT "schema_migrations".* FROM "schema_migrations"[0m
Processing by UsersController#index as HTML
  Rendering users/index.html.erb within layouts/application
  [1m[36mUser Load (0.6ms)[0m  [1m[34mSELECT "users".* FROM "users"[0m
  Rendered users/index.html.erb within layouts/application (14.7ms)
Completed 200 OK in 272ms (Views: 257.5ms | ActiveRecord: 1.3ms)


Started GET "/users" for 127.0.0.1 at 2018-02-06 17:02:06 -0800
Processing by UsersController#index as HTML
  Rendering users/index.html.erb within layouts/application
  [1m[36mUser Load (0.7ms)[0m  [1m[34mSELECT "users".* FROM "users"[0m
  Rendered users/index.html.erb within layouts/application (3.9ms)
Completed 200 OK in 25ms (Views: 22.4ms | ActiveRecord: 0.7ms)


Started GET "/users/6" for 127.0.0.1 at 2018-02-06 17:02:11 -0800
Processing by UsersController#show as HTML
  Parameters: {"id"=>"6"}
  [1m[36mUser Load (0.2ms)[0m  [1m[34mSELECT  "users".* FROM "users" WHERE "users"."id" = ? LIMIT ?[0m  [["id", 6], ["LIMIT", 1]]
  Rendering users/show.html.erb within layouts/application
  Rendered users/show.html.erb within layouts/application (1.4ms)
Completed 200 OK in 53ms (Views: 43.2ms | ActiveRecord: 0.2ms)


Started GET "/users" for 127.0.0.1 at 2018-02-06 17:02:14 -0800
Processing by UsersController#index as HTML
  Rendering users/index.html.erb within layouts/application
  [1m[36mUser Load (0.2ms)[0m  [1m[34mSELECT "users".* FROM "users"[0m
  Rendered users/index.html.erb within layouts/application (2.9ms)
Completed 200 OK in 32ms (Views: 29.0ms | ActiveRecord: 0.2ms)


Started GET "/users" for 127.0.0.1 at 2018-02-06 17:05:13 -0800
Processing by UsersController#index as HTML
  Rendering users/index.html.erb within layouts/application
  [1m[36mUser Load (0.3ms)[0m  [1m[34mSELECT "users".* FROM "users"[0m
  Rendered users/index.html.erb within layouts/application (4.0ms)
Completed 200 OK in 33ms (Views: 28.0ms | ActiveRecord: 0.3ms)


Started GET "/users" for 127.0.0.1 at 2018-02-06 17:05:54 -0800
Processing by UsersController#index as HTML
  Rendering users/index.html.erb within layouts/application
  [1m[36mUser Load (0.1ms)[0m  [1m[34mSELECT "users".* FROM "users"[0m
  Rendered users/index.html.erb within layouts/application (2.0ms)
Completed 200 OK in 27ms (Views: 24.3ms | ActiveRecord: 0.1ms)


Started GET "/users" for 127.0.0.1 at 2018-02-06 17:06:02 -0800
Processing by UsersController#index as HTML
  Rendering users/index.html.erb within layouts/application
  [1m[36mUser Load (0.1ms)[0m  [1m[34mSELECT "users".* FROM "users"[0m
  Rendered users/index.html.erb within layouts/application (1.5ms)
Completed 200 OK in 18ms (Views: 16.0ms | ActiveRecord: 0.1ms)


Started GET "/users/6" for 127.0.0.1 at 2018-02-06 17:06:17 -0800
Processing by UsersController#show as HTML
  Parameters: {"id"=>"6"}
  [1m[36mUser Load (0.2ms)[0m  [1m[34mSELECT  "users".* FROM "users" WHERE "users"."id" = ? LIMIT ?[0m  [["id", 6], ["LIMIT", 1]]
  Rendering users/show.html.erb within layouts/application
  Rendered users/show.html.erb within layouts/application (1.1ms)
Completed 200 OK in 40ms (Views: 36.7ms | ActiveRecord: 0.2ms)


Started GET "/users/6/edit" for 127.0.0.1 at 2018-02-06 17:06:19 -0800
Processing by UsersController#edit as HTML
  Parameters: {"id"=>"6"}
  [1m[36mUser Load (0.3ms)[0m  [1m[34mSELECT  "users".* FROM "users" WHERE "users"."id" = ? LIMIT ?[0m  [["id", 6], ["LIMIT", 1]]
  Rendering users/edit.html.erb within layouts/application
  Rendered users/_form.html.erb (23.9ms)
  Rendered users/edit.html.erb within layouts/application (29.6ms)
Completed 200 OK in 62ms (Views: 57.2ms | ActiveRecord: 0.3ms)


Started PATCH "/users/6" for 127.0.0.1 at 2018-02-06 17:06:28 -0800
Processing by UsersController#update as HTML
  Parameters: {"utf8"=>"âœ“", "authenticity_token"=>"JxDZ0kbdtBM6ptKObHQ+yfshR1hwVCelVE6siU98VVMlZnkeIAonGBFvR35rPVViBsBN4ffxJ1qQQGQvD5o3gA==", "user"=>{"name"=>"Jon", "emal"=>"Jon@gmail.com"}, "commit"=>"submit", "id"=>"6"}
  [1m[36mUser Load (0.1ms)[0m  [1m[34mSELECT  "users".* FROM "users" WHERE "users"."id" = ? LIMIT ?[0m  [["id", 6], ["LIMIT", 1]]
  [1m[35m (0.1ms)[0m  [1m[36mbegin transaction[0m
  [1m[35mSQL (0.5ms)[0m  [1m[33mUPDATE "users" SET "name" = ?, "emal" = ?, "updated_at" = ? WHERE "users"."id" = ?[0m  [["name", "Jon"], ["emal", "Jon@gmail.com"], ["updated_at", "2018-02-07 01:06:28.196838"], ["id", 6]]
  [1m[35m (1.0ms)[0m  [1m[36mcommit transaction[0m
Redirected to http://localhost:3000/users/6
Completed 302 Found in 8ms (ActiveRecord: 1.7ms)


Started GET "/users/6" for 127.0.0.1 at 2018-02-06 17:06:28 -0800
Processing by UsersController#show as HTML
  Parameters: {"id"=>"6"}
  [1m[36mUser Load (0.1ms)[0m  [1m[34mSELECT  "users".* FROM "users" WHERE "users"."id" = ? LIMIT ?[0m  [["id", 6], ["LIMIT", 1]]
  Rendering users/show.html.erb within layouts/application
  Rendered users/show.html.erb within layouts/application (0.6ms)
Completed 200 OK in 17ms (Views: 15.1ms | ActiveRecord: 0.1ms)


Started GET "/users/6" for 127.0.0.1 at 2018-02-06 17:09:45 -0800
Processing by UsersController#show as HTML
  Parameters: {"id"=>"6"}
  [1m[36mUser Load (0.1ms)[0m  [1m[34mSELECT  "users".* FROM "users" WHERE "users"."id" = ? LIMIT ?[0m  [["id", 6], ["LIMIT", 1]]
  Rendering users/show.html.erb within layouts/application
  Rendered users/show.html.erb within layouts/application (1.0ms)
Completed 200 OK in 37ms (Views: 26.1ms | ActiveRecord: 0.8ms)


Started GET "/users/6/edit" for 127.0.0.1 at 2018-02-06 17:09:47 -0800
Processing by UsersController#edit as HTML
  Parameters: {"id"=>"6"}
  [1m[36mUser Load (0.1ms)[0m  [1m[34mSELECT  "users".* FROM "users" WHERE "users"."id" = ? LIMIT ?[0m  [["id", 6], ["LIMIT", 1]]
  Rendering users/edit.html.erb within layouts/application
  Rendered users/_form.html.erb (6.2ms)
  Rendered users/edit.html.erb within layouts/application (11.0ms)
Completed 200 OK in 61ms (Views: 57.6ms | ActiveRecord: 0.1ms)


Started PATCH "/users/6" for 127.0.0.1 at 2018-02-06 17:09:49 -0800
Processing by UsersController#update as HTML
  Parameters: {"utf8"=>"âœ“", "authenticity_token"=>"Kp1CSNWxaT4Ia9o2+imbHowUdQ3Vu87WQebu2LMzkzEo6+KEs2b6NSOiT8b9YPC1cfV/tFIezimF6CZ+89Xx4g==", "user"=>{"name"=>"Jon", "emal"=>"Jon@gmail.com"}, "commit"=>"submit", "id"=>"6"}
  [1m[36mUser Load (0.1ms)[0m  [1m[34mSELECT  "users".* FROM "users" WHERE "users"."id" = ? LIMIT ?[0m  [["id", 6], ["LIMIT", 1]]
  [1m[35m (0.1ms)[0m  [1m[36mbegin transaction[0m
  [1m[35m (0.1ms)[0m  [1m[36mcommit transaction[0m
Redirected to http://localhost:3000/users/6
Completed 302 Found in 6ms (ActiveRecord: 0.3ms)


Started GET "/users/6" for 127.0.0.1 at 2018-02-06 17:09:49 -0800
Processing by UsersController#show as HTML
  Parameters: {"id"=>"6"}
  [1m[36mUser Load (0.2ms)[0m  [1m[34mSELECT  "users".* FROM "users" WHERE "users"."id" = ? LIMIT ?[0m  [["id", 6], ["LIMIT", 1]]
  Rendering users/show.html.erb within layouts/application
  Rendered users/show.html.erb within layouts/application (1.3ms)
Completed 200 OK in 36ms (Views: 30.0ms | ActiveRecord: 0.2ms)


Started GET "/users" for 127.0.0.1 at 2018-02-06 17:09:56 -0800
Processing by UsersController#index as HTML
  Rendering users/index.html.erb within layouts/application
  [1m[36mUser Load (0.4ms)[0m  [1m[34mSELECT "users".* FROM "users"[0m
  Rendered users/index.html.erb within layouts/application (8.1ms)
Completed 200 OK in 62ms (Views: 59.8ms | ActiveRecord: 0.4ms)


Started DELETE "/users/7" for 127.0.0.1 at 2018-02-06 17:10:10 -0800
Processing by UsersController#destroy as HTML
  Parameters: {"authenticity_token"=>"MTCFIe78CeaMnl36Jq6hXRa0f3rWcL/fp77vgsKcsJOSkRV+TsXIW1amDgkuIYhdzuLpOQ+h814UImdr6GRDjQ==", "id"=>"7"}
  [1m[36mUser Load (0.1ms)[0m  [1m[34mSELECT  "users".* FROM "users" WHERE "users"."id" = ? LIMIT ?[0m  [["id", 7], ["LIMIT", 1]]
  [1m[35m (0.1ms)[0m  [1m[36mbegin transaction[0m
  [1m[35mSQL (0.5ms)[0m  [1m[31mDELETE FROM "users" WHERE "users"."id" = ?[0m  [["id", 7]]
  [1m[35m (2.1ms)[0m  [1m[36mcommit transaction[0m
Redirected to http://localhost:3000/users
Completed 302 Found in 9ms (ActiveRecord: 2.8ms)


Started GET "/users" for 127.0.0.1 at 2018-02-06 17:10:10 -0800
Processing by UsersController#index as HTML
  Rendering users/index.html.erb within layouts/application
  [1m[36mUser Load (0.2ms)[0m  [1m[34mSELECT "users".* FROM "users"[0m
  Rendered users/index.html.erb within layouts/application (3.5ms)
Completed 200 OK in 49ms (Views: 40.0ms | ActiveRecord: 0.2ms)


Started GET "/users/new" for 127.0.0.1 at 2018-02-06 17:10:15 -0800
Processing by UsersController#new as HTML
  Rendering users/new.html.erb within layouts/application
  Rendered users/_form.html.erb (2.8ms)
  Rendered users/new.html.erb within layouts/application (5.3ms)
Completed 200 OK in 59ms (Views: 55.7ms | ActiveRecord: 0.0ms)


Started GET "/users" for 127.0.0.1 at 2018-02-06 17:10:16 -0800
Processing by UsersController#index as HTML
  Rendering users/index.html.erb within layouts/application
  [1m[36mUser Load (0.2ms)[0m  [1m[34mSELECT "users".* FROM "users"[0m
  Rendered users/index.html.erb within layouts/application (6.2ms)
Completed 200 OK in 96ms (Views: 89.3ms | ActiveRecord: 0.2ms)


